[Client I] GitHub Codespaces version 1.16.11
[Client I] isRunningInWeb: "true"
[Client V] Initializing authentication
[API I] Successfully signed in
[Client:extension:9b9a I] initializing
[Client:extension:9b9a I] creating LiveShare ConnectionHub
[Client:extension:9b9a:resolver I] created with protocol "codespaces"
[RemoteExplorer I] Updating codespace performance info
[Client I] Connecting to current codespace: glowing-invention-qrx76gv5gj529pxp
[Command:Connect I] Decorator starting: ErrorNotification
[Command:Connect I] Decorator starting: Telemetry
[Client I] Jupyter API registered? false
[API:retries-left-2 I] making GET request for "https://api.github.com/user/codespaces/glowing-invention-qrx76gv5gj529pxp"
[RemoteExplorer I] Updating codespace performance info
[Client:extension:9b9a:resolver:resolve:1 I] resolve retry #3
[Command:Connect I] Command [Connect to Codespace]: Connect to Codespace Success (21161ms)
[Command:Connect I] Decorator finishing: Telemetry. Duration: 33ms (24 + 9)
[Client:extension:9b9a:resolver:resolve:1 I] resolving "codespaces+glowing-invention-qrx76gv5gj529pxp"
[Client:extension:9b9a:resolver:resolve:1 I] codespace: "glowing-invention-qrx76gv5gj529pxp", fetching details
[Command:Connect I] Decorator finishing: ErrorNotification. Duration: 23ms (3 + 20)
[Client:extension:9b9a:resolver:resolve:1:fetch-codespace-info I] fetching codespace details for "glowing-invention-qrx76gv5gj529pxp"
[Client:extension:9b9a:resolver:resolve:1:fetch-codespace-info I] signed in, getting the details
[Client:extension:9b9a:resolver:resolve:1:fetch-codespace-info I] fetching codespace "glowing-invention-qrx76gv5gj529pxp" (retries left: 2)
[API:retries-left-2 I] making GET request for "https://api.github.com/user/codespaces/glowing-invention-qrx76gv5gj529pxp"
[RemoteExplorer I] Updating codespace performance info
[Client:extension:9b9a:resolver I] successfully fetched codespace details> object #0: {
  "id": 14116207,
  "name": "<34:<redacted>>",
  "environment_id": "e0004092-49ac-41b1-b519-17f1cc47a79c",
  "owner": "<undefined:<redacted>>",
  "billable_owner": {
    "login": "Ruri-Furukawa",
    "id": 122454366,
    "node_id": "U_kgDOB0yBXg",
    "avatar_url": "https://avatars.githubusercontent.com/u/122454366?v=4",
    "gravatar_id": "",
    "url": "https://api.github.com/users/Ruri-Furukawa",
    "html_url": "https://github.com/Ruri-Furukawa",
    "followers_url": "https://api.github.com/users/Ruri-Furukawa/followers",
    "following_url": "https://api.github.com/users/Ruri-Furukawa/following{/other_user}",
    "gists_url": "https://api.github.com/users/Ruri-Furukawa/gists{/gist_id}",
    "starred_url": "https://api.github.com/users/Ruri-Furukawa/starred{/owner}{/repo}",
    "subscriptions_url": "https://api.github.com/users/Ruri-Furukawa/subscriptions",
    "organizations_url": "https://api.github.com/users/Ruri-Furukawa/orgs",
    "repos_url": "https://api.github.com/users/Ruri-Furukawa/repos",
    "events_url": "https://api.github.com/users/Ruri-Furukawa/events{/privacy}",
    "received_events_url": "https://api.github.com/users/Ruri-Furukawa/received_events",
    "type": "User",
    "site_admin": false
  },
  "repository": {
    "id": 587537775,
    "node_id": "R_kgDOIwUdbw",
    "name": "<22:<redacted>>",
    "full_name": "Progate/path-study-environment",
    "private": false,
    "owner": "<undefined:<redacted>>",
    "html_url": "https://github.com/Progate/path-study-environment",
    "description": null,
    "fork": false,
    "url": "https://api.github.com/repos/Progate/path-study-environment",
    "forks_url": "https://api.github.com/repos/Progate/path-study-environment/forks",
    "keys_url": "https://api.github.com/repos/Progate/path-study-environment/keys{/key_id}",
    "collaborators_url": "https://api.github.com/repos/Progate/path-study-environment/collaborators{/collaborator}",
    "teams_url": "https://api.github.com/repos/Progate/path-study-environment/teams",
    "hooks_url": "https://api.github.com/repos/Progate/path-study-environment/hooks",
    "issue_events_url": "https://api.github.com/repos/Progate/path-study-environment/issues/events{/number}",
    "events_url": "https://api.github.com/repos/Progate/path-study-environment/events",
    "assignees_url": "https://api.github.com/repos/Progate/path-study-environment/assignees{/user}",
    "branches_url": "https://api.github.com/repos/Progate/path-study-environment/branches{/branch}",
    "tags_url": "https://api.github.com/repos/Progate/path-study-environment/tags",
    "blobs_url": "https://api.github.com/repos/Progate/path-study-environment/git/blobs{/sha}",
    "git_tags_url": "https://api.github.com/repos/Progate/path-study-environment/git/tags{/sha}",
    "git_refs_url": "https://api.github.com/repos/Progate/path-study-environment/git/refs{/sha}",
    "trees_url": "https://api.github.com/repos/Progate/path-study-environment/git/trees{/sha}",
    "statuses_url": "https://api.github.com/repos/Progate/path-study-environment/statuses/{sha}",
    "languages_url": "https://api.github.com/repos/Progate/path-study-environment/languages",
    "stargazers_url": "https://api.github.com/repos/Progate/path-study-environment/stargazers",
    "contributors_url": "https://api.github.com/repos/Progate/path-study-environment/contributors",
    "subscribers_url": "https://api.github.com/repos/Progate/path-study-environment/subscribers",
    "subscription_url": "https://api.github.com/repos/Progate/path-study-environment/subscription",
    "commits_url": "https://api.github.com/repos/Progate/path-study-environment/commits{/sha}",
    "git_commits_url": "https://api.github.com/repos/Progate/path-study-environment/git/commits{/sha}",
    "comments_url": "https://api.github.com/repos/Progate/path-study-environment/comments{/number}",
    "issue_comment_url": "https://api.github.com/repos/Progate/path-study-environment/issues/comments{/number}",
    "contents_url": "https://api.github.com/repos/Progate/path-study-environment/contents/{+path}",
    "compare_url": "https://api.github.com/repos/Progate/path-study-environment/compare/{base}...{head}",
    "merges_url": "https://api.github.com/repos/Progate/path-study-environment/merges",
    "archive_url": "https://api.github.com/repos/Progate/path-study-environment/{archive_format}{/ref}",
    "downloads_url": "https://api.github.com/repos/Progate/path-study-environment/downloads",
    "issues_url": "https://api.github.com/repos/Progate/path-study-environment/issues{/number}",
    "pulls_url": "https://api.github.com/repos/Progate/path-study-environment/pulls{/number}",
    "milestones_url": "https://api.github.com/repos/Progate/path-study-environment/milestones{/number}",
    "notifications_url": "https://api.github.com/repos/Progate/path-study-environment/notifications{?since,all,participating}",
    "labels_url": "https://api.github.com/repos/Progate/path-study-environment/labels{/name}",
    "releases_url": "https://api.github.com/repos/Progate/path-study-environment/releases{/id}",
    "deployments_url": "https://api.github.com/repos/Progate/path-study-environment/deployments"
  },
  "machine": {
    "name": "<14:<redacted>>",
    "display_name": "2 cores, 8 GB RAM, 32 GB storage",
    "operating_system": "linux",
    "storage_in_bytes": 34359738368,
    "memory_in_bytes": 8589934592,
    "cpus": 2,
    "prebuild_availability": null
  },
  "prebuild": null,
  "created_at": "2024-03-04T22:04:22+09:00",
  "updated_at": "2024-03-04T22:09:08+09:00",
  "last_used_at": "2024-03-04T22:04:22+09:00",
  "state": "Available",
  "url": "https://api.github.com/user/codespaces/glowing-invention-qrx76gv5gj529pxp",
  "git_status": {
    "ahead": 0,
    "behind": 0,
    "has_unpushed_changes": false,
    "has_uncommitted_changes": false,
    "ref": "main"
  },
  "location": "SouthEastAsia",
  "idle_timeout_minutes": 30,
  "web_url": "https://glowing-invention-qrx76gv5gj529pxp.github.dev",
  "machines_url": "https://api.github.com/user/codespaces/glowing-invention-qrx76gv5gj529pxp/machines",
  "start_url": "https://api.github.com/user/codespaces/glowing-invention-qrx76gv5gj529pxp/start",
  "stop_url": "https://api.github.com/user/codespaces/glowing-invention-qrx76gv5gj529pxp/stop",
  "pulls_url": null,
  "recent_folders": [],
  "runtime_constraints": {
    "allowed_port_privacy_settings": [
      "private",
      "public"
    ]
  },
  "connection": {
    "sessionId": "C1EAB49D7CE3E6A0772A5FE1BE9097001EBA",
    "sessionPath": "/home/vscode",
    "serviceUri": "https://prod.liveshare.vsengsaas.visualstudio.com/api/v1.2/",
    "relayEndpoint": "sb://vsls-prod-ins-asse-private-relay.servicebus.windows.net/2d30982db5edec52ff161e09805984f3cac4--f871bc28-d0ad-4efb-b78e-827bb4110255",
    "relaySas": "<257:<redacted>>",
    "sessionToken": "<1146:<redacted>>",
    "hostPublicKeys": [
      "AAAAB3NzaC1yc2EAAAADAQABAAABAQC3B60109oLkAior+PGz5moEYMjF+y8h+C7QaaI7cXw4Y4waeHWejcfm4hKbbmQGibtLTCnyDPh3v7mJCeBt/Y1765tb1/Fku9n454c4Vafb/QQPql6mrHXLGjvbz1wBr1DxNeaYDNUtP6Jo6lQIltbhRGdVIG+1Q3fKJ+92riMwdc0+OAaOpajc8xDc9yTPtcxP5HMatrMgIRrlFtmqoyuiwi+RZUWx+TATtMWcQksRAEdI+66xW5YTIR7Ztv7k7F7ssQ5VL4a6MdAdeiOSFVEGIqlXga0uuA0o1sjUKB3ekzFo56okmHRcSUmhM/UpVlKwbYDn6IuiOfYyw4j7t6/"
    ],
    "tunnelProperties": {
      "tunnelId": "peaceful-cat-6h92zpx",
      "clusterId": "asse",
      "domain": "app.github.dev",
      "connectAccessToken": "<390:<redacted>>",
      "managePortsAccessToken": "<397:<redacted>>",
      "serviceUri": "https://global.rel.tunnels.api.visualstudio.com/"
    }
  },
  "container_id": "397d5b6378e46afef65f8362f66bafa7b7923af1d8bce5bb0ed34acc5264bd61",
  "display_name": "glowing invention",
  "devcontainer_path": ".devcontainer/devcontainer.json",
  "pending_operation": false,
  "feature_flags": {
    "developer": false,
    "enableRemoteKernel": true,
    "devTunnelsOptOut": false,
    "devTunnelsDesktopPortForwarding": false,
    "devTunnelsDesktopMainConnection": false,
    "useBasisForMainConnectionsWebClient": false,
    "disableBasisPortSyncWorker": true,
    "detailedActivityMonitor": false,
    "vscodeAccountSwitching": false,
    "enableSmbDiagnosticContinuousMonitoring": false,
    "enableSmbDiagnosticOnAnomalyMonitoring": false,
    "useEarlyWorkbenchWebClient": false,
    "useCoiWebClient": false,
    "remapUserNamespace": false,
    "removeConnectRetriesWebClient": true,
    "storageV2ExhaustiveValidation": false,
    "forcePushShutdownTelemetry": false,
    "storageV2EagerPrefetch": true,
    "Basis": true,
    "Skuheapscaling": true,
    "CacheIde": true,
    "Developer": false,
    "Eap": false
  },
  "retention_period_minutes": 43200,
  "retention_expires_at": null,
  "template": {
    "name": "<22:<redacted>>",
    "language": "",
    "description": null,
    "author": "Progate",
    "icon": null,
    "icon_path": null,
    "repository": {
      "id": 587537775,
      "node_id": "R_kgDOIwUdbw",
      "name": "<22:<redacted>>",
      "full_name": "Progate/path-study-environment",
      "private": false,
      "owner": "<undefined:<redacted>>",
      "html_url": "https://github.com/Progate/path-study-environment",
      "description": null,
      "fork": false,
      "url": "https://api.github.com/repos/Progate/path-study-environment",
      "forks_url": "https://api.github.com/repos/Progate/path-study-environment/forks",
      "keys_url": "https://api.github.com/repos/Progate/path-study-environment/keys{/key_id}",
      "collaborators_url": "https://api.github.com/repos/Progate/path-study-environment/collaborators{/collaborator}",
      "teams_url": "https://api.github.com/repos/Progate/path-study-environment/teams",
      "hooks_url": "https://api.github.com/repos/Progate/path-study-environment/hooks",
      "issue_events_url": "https://api.github.com/repos/Progate/path-study-environment/issues/events{/number}",
      "events_url": "https://api.github.com/repos/Progate/path-study-environment/events",
      "assignees_url": "https://api.github.com/repos/Progate/path-study-environment/assignees{/user}",
      "branches_url": "https://api.github.com/repos/Progate/path-study-environment/branches{/branch}",
      "tags_url": "https://api.github.com/repos/Progate/path-study-environment/tags",
      "blobs_url": "https://api.github.com/repos/Progate/path-study-environment/git/blobs{/sha}",
      "git_tags_url": "https://api.github.com/repos/Progate/path-study-environment/git/tags{/sha}",
      "git_refs_url": "https://api.github.com/repos/Progate/path-study-environment/git/refs{/sha}",
      "trees_url": "https://api.github.com/repos/Progate/path-study-environment/git/trees{/sha}",
      "statuses_url": "https://api.github.com/repos/Progate/path-study-environment/statuses/{sha}",
      "languages_url": "https://api.github.com/repos/Progate/path-study-environment/languages",
      "stargazers_url": "https://api.github.com/repos/Progate/path-study-environment/stargazers",
      "contributors_url": "https://api.github.com/repos/Progate/path-study-environment/contributors",
      "subscribers_url": "https://api.github.com/repos/Progate/path-study-environment/subscribers",
      "subscription_url": "https://api.github.com/repos/Progate/path-study-environment/subscription",
      "commits_url": "https://api.github.com/repos/Progate/path-study-environment/commits{/sha}",
      "git_commits_url": "https://api.github.com/repos/Progate/path-study-environment/git/commits{/sha}",
      "comments_url": "https://api.github.com/repos/Progate/path-study-environment/comments{/number}",
      "issue_comment_url": "https://api.github.com/repos/Progate/path-study-environment/issues/comments{/number}",
      "contents_url": "https://api.github.com/repos/Progate/path-study-environment/contents/{+path}",
      "compare_url": "https://api.github.com/repos/Progate/path-study-environment/compare/{base}...{head}",
      "merges_url": "https://api.github.com/repos/Progate/path-study-environment/merges",
      "archive_url": "https://api.github.com/repos/Progate/path-study-environment/{archive_format}{/ref}",
      "downloads_url": "https://api.github.com/repos/Progate/path-study-environment/downloads",
      "issues_url": "https://api.github.com/repos/Progate/path-study-environment/issues{/number}",
      "pulls_url": "https://api.github.com/repos/Progate/path-study-environment/pulls{/number}",
      "milestones_url": "https://api.github.com/repos/Progate/path-study-environment/milestones{/number}",
      "notifications_url": "https://api.github.com/repos/Progate/path-study-environment/notifications{?since,all,participating}",
      "labels_url": "https://api.github.com/repos/Progate/path-study-environment/labels{/name}",
      "releases_url": "https://api.github.com/repos/Progate/path-study-environment/releases{/id}",
      "deployments_url": "https://api.github.com/repos/Progate/path-study-environment/deployments"
    }
  },
  "publish_url": "https://api.github.com/user/codespaces/glowing-invention-qrx76gv5gj529pxp/publish"
}
[RemoteExplorer I] Updating codespace performance info
[Client:extension:9b9a:resolver:resolve:1:check-codespace-state I] codespace glowing-invention-qrx76gv5gj529pxp (id: e0004092-49ac-41b1-b519-17f1cc47a79c) is in the "Default" state
[Client:extension:9b9a:resolver:resolve:1:check-codespace-state I] noop
[Client:extension:9b9a:resolver I] Initializing RPC client
[Client:extension:9b9a:resolver I] Running in web, using unix socket for communication
[Client:extension:9b9a:resolver I] Initializing Node-based codespace host service client
[Client:extension:9b9a:resolver I] Initializing Node-based Jupyter server host service client
[Client:extension:9b9a:resolver I] Initializing Node-based VS Code server host service client
[Client:extension:9b9a:resolver:resolve:1:check-codespace-state I] vscode connection options: > object #0: {
  "token": "<1146:<redacted>>",
  "environmentId": "e0004092-49ac-41b1-b519-17f1cc47a79c",
  "workspaceId": "C1EAB49D7CE3E6A0772A5FE1BE9097001EBA",
  "vsCodeCommit": "8b3775030ed1a69b13e4f4c628c612102e30a681",
  "vsCodeQuality": "stable",
  "extensions": [
    "GitHub.codespaces",
    "GitHub.vscode-pull-request-github"
  ],
  "telemetry": true,
  "liveShareEndpoint": "https://prod.liveshare.vsengsaas.visualstudio.com/api/v1.2/",
  "connectionInfo": {
    "id": "C1EAB49D7CE3E6A0772A5FE1BE9097001EBA",
    "relaySas": "<257:<redacted>>",
    "relayLink": "sb://vsls-prod-ins-asse-private-relay.servicebus.windows.net/2d30982db5edec52ff161e09805984f3cac4--f871bc28-d0ad-4efb-b78e-827bb4110255",
    "sessionToken": "<1146:<redacted>>",
    "hostPublicKeys": [
      "AAAAB3NzaC1yc2EAAAADAQABAAABAQC3B60109oLkAior+PGz5moEYMjF+y8h+C7QaaI7cXw4Y4waeHWejcfm4hKbbmQGibtLTCnyDPh3v7mJCeBt/Y1765tb1/Fku9n454c4Vafb/QQPql6mrHXLGjvbz1wBr1DxNeaYDNUtP6Jo6lQIltbhRGdVIG+1Q3fKJ+92riMwdc0+OAaOpajc8xDc9yTPtcxP5HMatrMgIRrlFtmqoyuiwi+RZUWx+TATtMWcQksRAEdI+66xW5YTIR7Ztv7k7F7ssQ5VL4a6MdAdeiOSFVEGIqlXga0uuA0o1sjUKB3ekzFo56okmHRcSUmhM/UpVlKwbYDn6IuiOfYyw4j7t6/"
    ],
    "tunnelProperties": {
      "tunnelId": "peaceful-cat-6h92zpx",
      "clusterId": "asse",
      "domain": "app.github.dev",
      "connectAccessToken": "<390:<redacted>>",
      "managePortsAccessToken": "<397:<redacted>>",
      "serviceUri": "https://global.rel.tunnels.api.visualstudio.com/"
    }
  }
}
[RemoteExplorer I] Updating codespace details
[Client:extension:9b9a:resolver:resolve:1 I] requested to connect> object #0: {
  "token": "<1146:<redacted>>",
  "environmentId": "e0004092-49ac-41b1-b519-17f1cc47a79c",
  "workspaceId": "C1EAB49D7CE3E6A0772A5FE1BE9097001EBA",
  "vsCodeCommit": "8b3775030ed1a69b13e4f4c628c612102e30a681",
  "vsCodeQuality": "stable",
  "extensions": [
    "GitHub.codespaces",
    "GitHub.vscode-pull-request-github"
  ],
  "telemetry": true,
  "liveShareEndpoint": "https://prod.liveshare.vsengsaas.visualstudio.com/api/v1.2/",
  "connectionInfo": {
    "id": "C1EAB49D7CE3E6A0772A5FE1BE9097001EBA",
    "relaySas": "<257:<redacted>>",
    "relayLink": "sb://vsls-prod-ins-asse-private-relay.servicebus.windows.net/2d30982db5edec52ff161e09805984f3cac4--f871bc28-d0ad-4efb-b78e-827bb4110255",
    "sessionToken": "<1146:<redacted>>",
    "hostPublicKeys": [
      "AAAAB3NzaC1yc2EAAAADAQABAAABAQC3B60109oLkAior+PGz5moEYMjF+y8h+C7QaaI7cXw4Y4waeHWejcfm4hKbbmQGibtLTCnyDPh3v7mJCeBt/Y1765tb1/Fku9n454c4Vafb/QQPql6mrHXLGjvbz1wBr1DxNeaYDNUtP6Jo6lQIltbhRGdVIG+1Q3fKJ+92riMwdc0+OAaOpajc8xDc9yTPtcxP5HMatrMgIRrlFtmqoyuiwi+RZUWx+TATtMWcQksRAEdI+66xW5YTIR7Ztv7k7F7ssQ5VL4a6MdAdeiOSFVEGIqlXga0uuA0o1sjUKB3ekzFo56okmHRcSUmhM/UpVlKwbYDn6IuiOfYyw4j7t6/"
    ],
    "tunnelProperties": {
      "tunnelId": "peaceful-cat-6h92zpx",
      "clusterId": "asse",
      "domain": "app.github.dev",
      "connectAccessToken": "<390:<redacted>>",
      "managePortsAccessToken": "<397:<redacted>>",
      "serviceUri": "https://global.rel.tunnels.api.visualstudio.com/"
    }
  },
  "clientId": "41960aaf1b415c91"
}
> object #1: [object Object]
[Client:extension:9b9a:resolver:resolve:1:C1EAB49D7CE3E6A0772A5FE1BE9097001EBA_e0004092-49ac-41b1-b519-17f1cc47a79c_stable_8b3775030ed1a69b13e4f4c628c612102e30a681 I] connection record: false
[Client:extension:9b9a:resolver:resolve:1:C1EAB49D7CE3E6A0772A5FE1BE9097001EBA_e0004092-49ac-41b1-b519-17f1cc47a79c_stable_8b3775030ed1a69b13e4f4c628c612102e30a681 I] creating new connection
[Client:extension:9b9a:vscode V] creating connection without a timeout
[Client:extension:9b9a:vscode I] creating connection> object #0: [object Object]
[Client:extension:9b9a:resolver:resolve:1:connection:C1EAB49D7CE3E6A0772A5FE1BE9097001EBA_e0004092-49ac-41b1-b519-17f1cc47a79c_stable_8b3775030ed1a69b13e4f4c628c612102e30a681:vscode V] subscribing to onDispose event
[Client:extension:9b9a:resolver:resolve:1:connection:C1EAB49D7CE3E6A0772A5FE1BE9097001EBA_e0004092-49ac-41b1-b519-17f1cc47a79c_stable_8b3775030ed1a69b13e4f4c628c612102e30a681:vscode I] asked to connect
[Client:extension:9b9a:resolver:resolve:1:connection:C1EAB49D7CE3E6A0772A5FE1BE9097001EBA_e0004092-49ac-41b1-b519-17f1cc47a79c_stable_8b3775030ed1a69b13e4f4c628c612102e30a681:vscode I] creating new connection
[Client:extension:9b9a:resolver:resolve:1:connection:C1EAB49D7CE3E6A0772A5FE1BE9097001EBA_e0004092-49ac-41b1-b519-17f1cc47a79c_stable_8b3775030ed1a69b13e4f4c628c612102e30a681:vscode I] creating connection
[Client:extension:9b9a:resolver:resolve:1:connection:C1EAB49D7CE3E6A0772A5FE1BE9097001EBA_e0004092-49ac-41b1-b519-17f1cc47a79c_stable_8b3775030ed1a69b13e4f4c628c612102e30a681:vscode I] connection status changed: none -> connecting, error:> object #0: undefined
[Client:extension:9b9a:resolver:resolve:1:connection:C1EAB49D7CE3E6A0772A5FE1BE9097001EBA_e0004092-49ac-41b1-b519-17f1cc47a79c_stable_8b3775030ed1a69b13e4f4c628c612102e30a681:vscode I] firing change event: > object #0: {
  "status": "connecting",
  "previousStatus": "none"
}
[Client:extension:9b9a:vscode:onConnectionChanged:C1EAB49D7CE3E6A0772A5FE1BE9097001EBA_e0004092-49ac-41b1-b519-17f1cc47a79c_stable_8b3775030ed1a69b13e4f4c628c612102e30a681 I] none -> connecting
[Client:extension:9b9a:resolver:resolve:1:connection:C1EAB49D7CE3E6A0772A5FE1BE9097001EBA_e0004092-49ac-41b1-b519-17f1cc47a79c_stable_8b3775030ed1a69b13e4f4c628c612102e30a681:vscode I] get LS connection
[Client:extension:9b9a:liveshare-joint I] requested to connect once> object #0: {
  "token": "<1146:<redacted>>",
  "environmentId": "e0004092-49ac-41b1-b519-17f1cc47a79c",
  "workspaceId": "C1EAB49D7CE3E6A0772A5FE1BE9097001EBA",
  "vsCodeCommit": "8b3775030ed1a69b13e4f4c628c612102e30a681",
  "vsCodeQuality": "stable",
  "extensions": [
    "GitHub.codespaces",
    "GitHub.vscode-pull-request-github"
  ],
  "telemetry": true,
  "liveShareEndpoint": "https://prod.liveshare.vsengsaas.visualstudio.com/api/v1.2/",
  "connectionInfo": {
    "id": "C1EAB49D7CE3E6A0772A5FE1BE9097001EBA",
    "relaySas": "<257:<redacted>>",
    "relayLink": "sb://vsls-prod-ins-asse-private-relay.servicebus.windows.net/2d30982db5edec52ff161e09805984f3cac4--f871bc28-d0ad-4efb-b78e-827bb4110255",
    "sessionToken": "<1146:<redacted>>",
    "hostPublicKeys": [
      "AAAAB3NzaC1yc2EAAAADAQABAAABAQC3B60109oLkAior+PGz5moEYMjF+y8h+C7QaaI7cXw4Y4waeHWejcfm4hKbbmQGibtLTCnyDPh3v7mJCeBt/Y1765tb1/Fku9n454c4Vafb/QQPql6mrHXLGjvbz1wBr1DxNeaYDNUtP6Jo6lQIltbhRGdVIG+1Q3fKJ+92riMwdc0+OAaOpajc8xDc9yTPtcxP5HMatrMgIRrlFtmqoyuiwi+RZUWx+TATtMWcQksRAEdI+66xW5YTIR7Ztv7k7F7ssQ5VL4a6MdAdeiOSFVEGIqlXga0uuA0o1sjUKB3ekzFo56okmHRcSUmhM/UpVlKwbYDn6IuiOfYyw4j7t6/"
    ],
    "tunnelProperties": {
      "tunnelId": "peaceful-cat-6h92zpx",
      "clusterId": "asse",
      "domain": "app.github.dev",
      "connectAccessToken": "<390:<redacted>>",
      "managePortsAccessToken": "<397:<redacted>>",
      "serviceUri": "https://global.rel.tunnels.api.visualstudio.com/"
    }
  },
  "clientId": "41960aaf1b415c91"
}
> object #1: [object Object]
[Client:extension:9b9a:liveshare-joint I] requested to connect> object #0: {
  "token": "<1146:<redacted>>",
  "environmentId": "e0004092-49ac-41b1-b519-17f1cc47a79c",
  "workspaceId": "C1EAB49D7CE3E6A0772A5FE1BE9097001EBA",
  "vsCodeCommit": "8b3775030ed1a69b13e4f4c628c612102e30a681",
  "vsCodeQuality": "stable",
  "extensions": [
    "GitHub.codespaces",
    "GitHub.vscode-pull-request-github"
  ],
  "telemetry": true,
  "liveShareEndpoint": "https://prod.liveshare.vsengsaas.visualstudio.com/api/v1.2/",
  "connectionInfo": {
    "id": "C1EAB49D7CE3E6A0772A5FE1BE9097001EBA",
    "relaySas": "<257:<redacted>>",
    "relayLink": "sb://vsls-prod-ins-asse-private-relay.servicebus.windows.net/2d30982db5edec52ff161e09805984f3cac4--f871bc28-d0ad-4efb-b78e-827bb4110255",
    "sessionToken": "<1146:<redacted>>",
    "hostPublicKeys": [
      "AAAAB3NzaC1yc2EAAAADAQABAAABAQC3B60109oLkAior+PGz5moEYMjF+y8h+C7QaaI7cXw4Y4waeHWejcfm4hKbbmQGibtLTCnyDPh3v7mJCeBt/Y1765tb1/Fku9n454c4Vafb/QQPql6mrHXLGjvbz1wBr1DxNeaYDNUtP6Jo6lQIltbhRGdVIG+1Q3fKJ+92riMwdc0+OAaOpajc8xDc9yTPtcxP5HMatrMgIRrlFtmqoyuiwi+RZUWx+TATtMWcQksRAEdI+66xW5YTIR7Ztv7k7F7ssQ5VL4a6MdAdeiOSFVEGIqlXga0uuA0o1sjUKB3ekzFo56okmHRcSUmhM/UpVlKwbYDn6IuiOfYyw4j7t6/"
    ],
    "tunnelProperties": {
      "tunnelId": "peaceful-cat-6h92zpx",
      "clusterId": "asse",
      "domain": "app.github.dev",
      "connectAccessToken": "<390:<redacted>>",
      "managePortsAccessToken": "<397:<redacted>>",
      "serviceUri": "https://global.rel.tunnels.api.visualstudio.com/"
    }
  },
  "clientId": "41960aaf1b415c91"
}
> object #1: [object Object]
[Client:extension:9b9a:liveshare-joint:C1EAB49D7CE3E6A0772A5FE1BE9097001EBA I] connection record: false
[Client:extension:9b9a:liveshare-joint:C1EAB49D7CE3E6A0772A5FE1BE9097001EBA I] creating new connection
[Client:extension:9b9a:liveshare-joint V] creating connection without a timeout
[Client:extension:9b9a:liveshare-joint I] creating connection> object #0: [object Object]
[Client:extension:9b9a:liveshare-joint:connection:C1EAB49D7CE3E6A0772A5FE1BE9097001EBA:liveshare-joint:liveshare V] subscribing to onDispose event
[Client:extension:9b9a:liveshare-joint:connection:C1EAB49D7CE3E6A0772A5FE1BE9097001EBA:liveshare-joint:liveshare I] asked to connect
[Client:extension:9b9a:liveshare-joint:connection:C1EAB49D7CE3E6A0772A5FE1BE9097001EBA:liveshare-joint:liveshare I] creating new connection
[Client:extension:9b9a:liveshare-joint:connection:C1EAB49D7CE3E6A0772A5FE1BE9097001EBA:liveshare-joint:liveshare I] creating connection
[Client:extension:9b9a:liveshare-joint:connection:C1EAB49D7CE3E6A0772A5FE1BE9097001EBA:liveshare-joint:liveshare I] connection status changed: none -> connecting, error:> object #0: undefined
[Client:extension:9b9a:liveshare-joint:connection:C1EAB49D7CE3E6A0772A5FE1BE9097001EBA:liveshare-joint:liveshare I] firing change event: > object #0: {
  "status": "connecting",
  "previousStatus": "none"
}
[Client:extension:9b9a:liveshare-joint:onConnectionChanged:C1EAB49D7CE3E6A0772A5FE1BE9097001EBA I] none -> connecting
[Client:extension:9b9a:liveshare I] requested to connect once> object #0: {
  "token": "<1146:<redacted>>",
  "environmentId": "e0004092-49ac-41b1-b519-17f1cc47a79c",
  "workspaceId": "C1EAB49D7CE3E6A0772A5FE1BE9097001EBA",
  "vsCodeCommit": "8b3775030ed1a69b13e4f4c628c612102e30a681",
  "vsCodeQuality": "stable",
  "extensions": [
    "GitHub.codespaces",
    "GitHub.vscode-pull-request-github"
  ],
  "telemetry": true,
  "liveShareEndpoint": "https://prod.liveshare.vsengsaas.visualstudio.com/api/v1.2/",
  "connectionInfo": {
    "id": "C1EAB49D7CE3E6A0772A5FE1BE9097001EBA",
    "relaySas": "<257:<redacted>>",
    "relayLink": "sb://vsls-prod-ins-asse-private-relay.servicebus.windows.net/2d30982db5edec52ff161e09805984f3cac4--f871bc28-d0ad-4efb-b78e-827bb4110255",
    "sessionToken": "<1146:<redacted>>",
    "hostPublicKeys": [
      "AAAAB3NzaC1yc2EAAAADAQABAAABAQC3B60109oLkAior+PGz5moEYMjF+y8h+C7QaaI7cXw4Y4waeHWejcfm4hKbbmQGibtLTCnyDPh3v7mJCeBt/Y1765tb1/Fku9n454c4Vafb/QQPql6mrHXLGjvbz1wBr1DxNeaYDNUtP6Jo6lQIltbhRGdVIG+1Q3fKJ+92riMwdc0+OAaOpajc8xDc9yTPtcxP5HMatrMgIRrlFtmqoyuiwi+RZUWx+TATtMWcQksRAEdI+66xW5YTIR7Ztv7k7F7ssQ5VL4a6MdAdeiOSFVEGIqlXga0uuA0o1sjUKB3ekzFo56okmHRcSUmhM/UpVlKwbYDn6IuiOfYyw4j7t6/"
    ],
    "tunnelProperties": {
      "tunnelId": "peaceful-cat-6h92zpx",
      "clusterId": "asse",
      "domain": "app.github.dev",
      "connectAccessToken": "<390:<redacted>>",
      "managePortsAccessToken": "<397:<redacted>>",
      "serviceUri": "https://global.rel.tunnels.api.visualstudio.com/"
    }
  },
  "clientId": "41960aaf1b415c91"
}
> object #1: [object Object]
[Client:extension:9b9a:liveshare I] requested to connect> object #0: {
  "token": "<1146:<redacted>>",
  "environmentId": "e0004092-49ac-41b1-b519-17f1cc47a79c",
  "workspaceId": "C1EAB49D7CE3E6A0772A5FE1BE9097001EBA",
  "vsCodeCommit": "8b3775030ed1a69b13e4f4c628c612102e30a681",
  "vsCodeQuality": "stable",
  "extensions": [
    "GitHub.codespaces",
    "GitHub.vscode-pull-request-github"
  ],
  "telemetry": true,
  "liveShareEndpoint": "https://prod.liveshare.vsengsaas.visualstudio.com/api/v1.2/",
  "connectionInfo": {
    "id": "C1EAB49D7CE3E6A0772A5FE1BE9097001EBA",
    "relaySas": "<257:<redacted>>",
    "relayLink": "sb://vsls-prod-ins-asse-private-relay.servicebus.windows.net/2d30982db5edec52ff161e09805984f3cac4--f871bc28-d0ad-4efb-b78e-827bb4110255",
    "sessionToken": "<1146:<redacted>>",
    "hostPublicKeys": [
      "AAAAB3NzaC1yc2EAAAADAQABAAABAQC3B60109oLkAior+PGz5moEYMjF+y8h+C7QaaI7cXw4Y4waeHWejcfm4hKbbmQGibtLTCnyDPh3v7mJCeBt/Y1765tb1/Fku9n454c4Vafb/QQPql6mrHXLGjvbz1wBr1DxNeaYDNUtP6Jo6lQIltbhRGdVIG+1Q3fKJ+92riMwdc0+OAaOpajc8xDc9yTPtcxP5HMatrMgIRrlFtmqoyuiwi+RZUWx+TATtMWcQksRAEdI+66xW5YTIR7Ztv7k7F7ssQ5VL4a6MdAdeiOSFVEGIqlXga0uuA0o1sjUKB3ekzFo56okmHRcSUmhM/UpVlKwbYDn6IuiOfYyw4j7t6/"
    ],
    "tunnelProperties": {
      "tunnelId": "peaceful-cat-6h92zpx",
      "clusterId": "asse",
      "domain": "app.github.dev",
      "connectAccessToken": "<390:<redacted>>",
      "managePortsAccessToken": "<397:<redacted>>",
      "serviceUri": "https://global.rel.tunnels.api.visualstudio.com/"
    }
  },
  "clientId": "41960aaf1b415c91"
}
> object #1: [object Object]
[Client:extension:9b9a:liveshare:C1EAB49D7CE3E6A0772A5FE1BE9097001EBA I] connection record: false
[Client:extension:9b9a:liveshare:C1EAB49D7CE3E6A0772A5FE1BE9097001EBA I] creating new connection
[Client:extension:9b9a:liveshare V] creating connection without a timeout
[Client:extension:9b9a:liveshare I] creating connection> object #0: [object Object]
[Client:extension:9b9a:liveshare:connection:C1EAB49D7CE3E6A0772A5FE1BE9097001EBA:liveshare V] subscribing to onDispose event
[Client:extension:9b9a:liveshare:connection:C1EAB49D7CE3E6A0772A5FE1BE9097001EBA:liveshare I] asked to connect
[Client:extension:9b9a:liveshare:connection:C1EAB49D7CE3E6A0772A5FE1BE9097001EBA:liveshare I] creating new connection
[Client:extension:9b9a:liveshare:connection:C1EAB49D7CE3E6A0772A5FE1BE9097001EBA:liveshare I] creating connection
[Client:extension:9b9a:liveshare:connection:C1EAB49D7CE3E6A0772A5FE1BE9097001EBA:liveshare I] connection status changed: none -> connecting, error:> object #0: undefined
[Client:extension:9b9a:liveshare:connection:C1EAB49D7CE3E6A0772A5FE1BE9097001EBA:liveshare I] firing change event: > object #0: {
  "status": "connecting",
  "previousStatus": "none"
}
[Client:extension:9b9a:liveshare:onConnectionChanged:C1EAB49D7CE3E6A0772A5FE1BE9097001EBA I] none -> connecting
[Client:extension:9b9a:liveshare:connection:C1EAB49D7CE3E6A0772A5FE1BE9097001EBA:liveshare I] creating workspace client> object #0: {
  "token": "<1146:<redacted>>",
  "environmentId": "e0004092-49ac-41b1-b519-17f1cc47a79c",
  "workspaceId": "C1EAB49D7CE3E6A0772A5FE1BE9097001EBA",
  "vsCodeCommit": "8b3775030ed1a69b13e4f4c628c612102e30a681",
  "vsCodeQuality": "stable",
  "extensions": [
    "GitHub.codespaces",
    "GitHub.vscode-pull-request-github"
  ],
  "telemetry": true,
  "liveShareEndpoint": "https://prod.liveshare.vsengsaas.visualstudio.com/api/v1.2/",
  "connectionInfo": {
    "id": "C1EAB49D7CE3E6A0772A5FE1BE9097001EBA",
    "relaySas": "<257:<redacted>>",
    "relayLink": "sb://vsls-prod-ins-asse-private-relay.servicebus.windows.net/2d30982db5edec52ff161e09805984f3cac4--f871bc28-d0ad-4efb-b78e-827bb4110255",
    "sessionToken": "<1146:<redacted>>",
    "hostPublicKeys": [
      "AAAAB3NzaC1yc2EAAAADAQABAAABAQC3B60109oLkAior+PGz5moEYMjF+y8h+C7QaaI7cXw4Y4waeHWejcfm4hKbbmQGibtLTCnyDPh3v7mJCeBt/Y1765tb1/Fku9n454c4Vafb/QQPql6mrHXLGjvbz1wBr1DxNeaYDNUtP6Jo6lQIltbhRGdVIG+1Q3fKJ+92riMwdc0+OAaOpajc8xDc9yTPtcxP5HMatrMgIRrlFtmqoyuiwi+RZUWx+TATtMWcQksRAEdI+66xW5YTIR7Ztv7k7F7ssQ5VL4a6MdAdeiOSFVEGIqlXga0uuA0o1sjUKB3ekzFo56okmHRcSUmhM/UpVlKwbYDn6IuiOfYyw4j7t6/"
    ],
    "tunnelProperties": {
      "tunnelId": "peaceful-cat-6h92zpx",
      "clusterId": "asse",
      "domain": "app.github.dev",
      "connectAccessToken": "<390:<redacted>>",
      "managePortsAccessToken": "<397:<redacted>>",
      "serviceUri": "https://global.rel.tunnels.api.visualstudio.com/"
    }
  },
  "clientId": "41960aaf1b415c91"
}
[Client:extension:9b9a:liveshare:connection:C1EAB49D7CE3E6A0772A5FE1BE9097001EBA:liveshare:WorkspaceClient V] connecting to relay link:sb://vsls-prod-ins-asse-private-relay.servicebus.windows.net/2d30982db5edec52ff161e09805984f3cac4--f871bc28-d0ad-4efb-b78e-827bb4110255
[Client:extension:9b9a:liveshare:connection:C1EAB49D7CE3E6A0772A5FE1BE9097001EBA:liveshare:WorkspaceClient V] creating node SSH...
[Client:extension:9b9a:liveshare:connection:C1EAB49D7CE3E6A0772A5FE1BE9097001EBA:liveshare:WorkspaceClient V] authenticating...
[Client:extension:9b9a:liveshare:connection:C1EAB49D7CE3E6A0772A5FE1BE9097001EBA:liveshare:WorkspaceClient I] SshClientSession connecting...
[Client:extension:9b9a:liveshare:connection:C1EAB49D7CE3E6A0772A5FE1BE9097001EBA:liveshare:WorkspaceClient V] Sending #0 KeyExchangeInitMessage
[Client:extension:9b9a:liveshare:connection:C1EAB49D7CE3E6A0772A5FE1BE9097001EBA:liveshare:WorkspaceClient I] Local version: SSH-2.0-dev-tunnels-ssh_3.11.36, remote version: SSH-2.0-Microsoft.VisualStudio.Ssh_3.4
[Client:extension:9b9a:liveshare:connection:C1EAB49D7CE3E6A0772A5FE1BE9097001EBA:liveshare:WorkspaceClient V] Receiving #0 KeyExchangeInitMessage
[Client:extension:9b9a:liveshare:connection:C1EAB49D7CE3E6A0772A5FE1BE9097001EBA:liveshare:WorkspaceClient I] KeyExchange negotiation: Server (ecdh-sha2-nistp384, ecdh-sha2-nistp256, diffie-hellman-group16-sha512, diffie-hellman-group14-sha256, ext-info-s) Client (ecdh-sha2-nistp384, ecdh-sha2-nistp256, diffie-hellman-group14-sha256) => ecdh-sha2-nistp384
[Client:extension:9b9a:liveshare:connection:C1EAB49D7CE3E6A0772A5FE1BE9097001EBA:liveshare:WorkspaceClient I] PublicKey negotiation: Server (rsa-sha2-512, rsa-sha2-256) Client (rsa-sha2-512, rsa-sha2-256, ecdsa-sha2-nistp384, ecdsa-sha2-nistp256) => rsa-sha2-512
[Client:extension:9b9a:liveshare:connection:C1EAB49D7CE3E6A0772A5FE1BE9097001EBA:liveshare:WorkspaceClient I] ClientEncryption negotiation: Server (aes256-gcm@openssh.com, aes256-cbc, aes256-ctr) Client (aes256-gcm@openssh.com, aes256-ctr) => aes256-gcm@openssh.com
[Client:extension:9b9a:liveshare:connection:C1EAB49D7CE3E6A0772A5FE1BE9097001EBA:liveshare:WorkspaceClient I] ServerEncryption negotiation: Server (aes256-gcm@openssh.com, aes256-cbc, aes256-ctr) Client (aes256-gcm@openssh.com, aes256-ctr) => aes256-gcm@openssh.com
[Client:extension:9b9a:liveshare:connection:C1EAB49D7CE3E6A0772A5FE1BE9097001EBA:liveshare:WorkspaceClient I] ClientHmac negotiation: Server (hmac-sha2-512-etm@openssh.com, hmac-sha2-256-etm@openssh.com, hmac-sha2-512, hmac-sha2-256) Client (hmac-sha2-512-etm@openssh.com, hmac-sha2-256-etm@openssh.com, hmac-sha2-512, hmac-sha2-256) => hmac-sha2-512-etm@openssh.com
[Client:extension:9b9a:liveshare:connection:C1EAB49D7CE3E6A0772A5FE1BE9097001EBA:liveshare:WorkspaceClient I] ServerHmac negotiation: Server (hmac-sha2-512-etm@openssh.com, hmac-sha2-256-etm@openssh.com, hmac-sha2-512, hmac-sha2-256) Client (hmac-sha2-512-etm@openssh.com, hmac-sha2-256-etm@openssh.com, hmac-sha2-512, hmac-sha2-256) => hmac-sha2-512-etm@openssh.com
[Client:extension:9b9a:liveshare:connection:C1EAB49D7CE3E6A0772A5FE1BE9097001EBA:liveshare:WorkspaceClient I] ClientCompression negotiation: Server (none) Client (none) => none
[Client:extension:9b9a:liveshare:connection:C1EAB49D7CE3E6A0772A5FE1BE9097001EBA:liveshare:WorkspaceClient I] ServerCompression negotiation: Server (none) Client (none) => none
[Client:extension:9b9a:liveshare:connection:C1EAB49D7CE3E6A0772A5FE1BE9097001EBA:liveshare:WorkspaceClient V] Sending #1 KeyExchangeDhInitMessage
[Client:extension:9b9a:liveshare:connection:C1EAB49D7CE3E6A0772A5FE1BE9097001EBA:liveshare:WorkspaceClient V] Receiving #1 KeyExchangeDhReplyMessage
[Client:extension:9b9a:liveshare:connection:C1EAB49D7CE3E6A0772A5FE1BE9097001EBA:liveshare:WorkspaceClient V] Server public key verification succeeded.
[Client:extension:9b9a:liveshare:connection:C1EAB49D7CE3E6A0772A5FE1BE9097001EBA:liveshare:WorkspaceClient V] Sending #2 NewKeysMessage
[Client:extension:9b9a:liveshare:connection:C1EAB49D7CE3E6A0772A5FE1BE9097001EBA:liveshare:WorkspaceClient V] Receiving #2 NewKeysMessage
[Client:extension:9b9a:liveshare:connection:C1EAB49D7CE3E6A0772A5FE1BE9097001EBA:liveshare:WorkspaceClient V] Sending #3 ExtensionInfoMessage (server-sig-algs=rsa-sha2-512,rsa-sha2-256,ecdsa-sha2-nistp384,ecdsa-sha2-nistp256; open-channel-request@microsoft.com; session-reconnect@microsoft.com; session-latency@microsoft.com)
[Client:extension:9b9a:liveshare:connection:C1EAB49D7CE3E6A0772A5FE1BE9097001EBA:liveshare:WorkspaceClient I] SshClientSession encrypted.
[Client:extension:9b9a:liveshare:connection:C1EAB49D7CE3E6A0772A5FE1BE9097001EBA:liveshare:WorkspaceClient I] SshClientSession Authenticating([ssh-rsa])
[Client:extension:9b9a:liveshare:connection:C1EAB49D7CE3E6A0772A5FE1BE9097001EBA:liveshare:WorkspaceClient I] SshClientSession server authenticated.
[Client:extension:9b9a:liveshare:connection:C1EAB49D7CE3E6A0772A5FE1BE9097001EBA:liveshare:WorkspaceClient V] Sending #4 ServiceRequestMessage
[Client:extension:9b9a:liveshare:connection:C1EAB49D7CE3E6A0772A5FE1BE9097001EBA:liveshare:WorkspaceClient V] Sending #5 PasswordRequestMessage (Method: password, Username: )
[perf V] name:Creating the ssh workspace session duration:863.4736170000397
[Client:extension:9b9a:liveshare:connection:C1EAB49D7CE3E6A0772A5FE1BE9097001EBA:liveshare:WorkspaceClient:SshWorkspaceSession V] subscribing to onDispose event
[Client:extension:9b9a:liveshare:connection:C1EAB49D7CE3E6A0772A5FE1BE9097001EBA:liveshare:WorkspaceClient I] join started
[Client:extension:9b9a:liveshare:connection:C1EAB49D7CE3E6A0772A5FE1BE9097001EBA:liveshare:WorkspaceClient V] Sending #6 ChannelOpenMessage(channelType=session, senderChannel=1)
[Client:extension:9b9a:liveshare:connection:C1EAB49D7CE3E6A0772A5FE1BE9097001EBA:liveshare:WorkspaceClient V] Sending #7 SessionChannelRequestMessage (requestType=initial-channel-request@microsoft.com)
[Client:extension:9b9a:liveshare:connection:C1EAB49D7CE3E6A0772A5FE1BE9097001EBA:liveshare:WorkspaceClient V] Receiving #3 ExtensionInfoMessage (open-channel-request@microsoft.com; server-sig-algs=rsa-sha2-512,rsa-sha2-256,ecdsa-sha2-nistp384,ecdsa-sha2-nistp256; session-latency@microsoft.com; session-reconnect@microsoft.com)
[Client:extension:9b9a:liveshare:connection:C1EAB49D7CE3E6A0772A5FE1BE9097001EBA:liveshare:WorkspaceClient V] Sending #8 SessionRequestMessage (requestType=enable-session-reconnect@microsoft.com)
[Client:extension:9b9a:liveshare:connection:C1EAB49D7CE3E6A0772A5FE1BE9097001EBA:liveshare:WorkspaceClient V] Receiving #4 SessionRequestMessage (requestType=enable-session-reconnect@microsoft.com)
[Client:extension:9b9a:liveshare:connection:C1EAB49D7CE3E6A0772A5FE1BE9097001EBA:liveshare:WorkspaceClient V] Receiving #5 ServiceAcceptMessage
[Client:extension:9b9a:liveshare:connection:C1EAB49D7CE3E6A0772A5FE1BE9097001EBA:liveshare:WorkspaceClient V] Receiving #6 AuthenticationSuccessMessage
[Client:extension:9b9a:liveshare:connection:C1EAB49D7CE3E6A0772A5FE1BE9097001EBA:liveshare:WorkspaceClient I] SshClientSession client authenticated.
[perf V] name:Ssh auth completion duration:744.3796919999877
[Client:extension:9b9a:liveshare:connection:C1EAB49D7CE3E6A0772A5FE1BE9097001EBA:liveshare:WorkspaceClient V] Receiving #7 ChannelOpenConfirmationMessage (recipientChannel=1)(senderChannel=0)
[Client:extension:9b9a:liveshare:connection:C1EAB49D7CE3E6A0772A5FE1BE9097001EBA:liveshare:WorkspaceClient V] Receiving #8 SessionRequestSuccessMessage
[Client:extension:9b9a:liveshare:connection:C1EAB49D7CE3E6A0772A5FE1BE9097001EBA:liveshare:WorkspaceClient V] < version.exchangeVersions()
[Client:extension:9b9a:liveshare:connection:C1EAB49D7CE3E6A0772A5FE1BE9097001EBA:liveshare:WorkspaceClient V] > version.exchangeVersions() succeeded t:13.0
[Client:extension:9b9a:liveshare:connection:C1EAB49D7CE3E6A0772A5FE1BE9097001EBA:liveshare:WorkspaceClient I] Host version: {"version":"1.0.5571.49914","protocolVersion":"2.2","platformName":"Linux 6.2.0","platformVersion":"6.2.0.1019"}
[Client:extension:9b9a:liveshare:connection:C1EAB49D7CE3E6A0772A5FE1BE9097001EBA:liveshare:WorkspaceClient V] < workspace.joinWorkspace()
[Client:extension:9b9a:liveshare:connection:C1EAB49D7CE3E6A0772A5FE1BE9097001EBA:liveshare:WorkspaceClient V] > workspace.joinWorkspace() succeeded t:133.0
[Client:extension:9b9a:liveshare:connection:C1EAB49D7CE3E6A0772A5FE1BE9097001EBA:liveshare:WorkspaceClient I] joinWorkspace -> session:7 conversation:f871bc28-d0ad-4efb-b78e-827bb4110255 join messages count:2
[perf V] name:Joining the workspace duration:908.09033799998
[Client:extension:9b9a:liveshare:connection:C1EAB49D7CE3E6A0772A5FE1BE9097001EBA:liveshare:WorkspaceClient I] join completed
[Client:extension:9b9a:liveshare:connection:C1EAB49D7CE3E6A0772A5FE1BE9097001EBA:liveshare:WorkspaceClient:1 I] Start checking connection timeout:5000
[Client:extension:9b9a:liveshare:connection:C1EAB49D7CE3E6A0772A5FE1BE9097001EBA:liveshare:WorkspaceClient V] subscribing to onDispose event
[perf V] name:join LiveShare session duration:1778.97846699995
[Client:extension:9b9a:liveshare:connection:C1EAB49D7CE3E6A0772A5FE1BE9097001EBA:liveshare V] setWorkspaceSessionInfo> object #0: {
  "sessionNumber": 7,
  "conversationId": "f871bc28-d0ad-4efb-b78e-827bb4110255",
  "connectionMode": "local",
  "sessions": {
    "1": {
      "id": "vm_11cae263-1da9-4b26-bdb8-d9c6276dcc01",
      "email": "<null>",
      "userName": "<null>",
      "provider": "vscs",
      "avatarUri": "",
      "isOwner": true,
      "isHost": true,
      "clientCapabilities": {
        "extensionReadOnlySupport": true,
        "clientReadOnlySupport": true,
        "emptyWorkspaceOpenFolderSupport": true,
        "persistentRootSupport": true
      }
    },
    "2": {
      "id": "398a6654-997b-47e9-b12b-9515b896b4de_122454366",
      "name": "<13:<redacted>>",
      "email": "<redacted>",
      "userName": "<13:<redacted>>",
      "provider": "github",
      "avatarUri": "",
      "isOwner": true,
      "clientCapabilities": {}
    },
    "3": {
      "id": "398a6654-997b-47e9-b12b-9515b896b4de_122454366",
      "name": "<13:<redacted>>",
      "email": "<redacted>",
      "userName": "<13:<redacted>>",
      "provider": "github",
      "avatarUri": "",
      "isOwner": true,
      "clientCapabilities": {}
    },
    "5": {
      "id": "398a6654-997b-47e9-b12b-9515b896b4de_122454366",
      "name": "<13:<redacted>>",
      "email": "<redacted>",
      "userName": "<13:<redacted>>",
      "provider": "github",
      "avatarUri": "",
      "isOwner": true,
      "clientCapabilities": {}
    },
    "6": {
      "id": "398a6654-997b-47e9-b12b-9515b896b4de_122454366",
      "name": "<13:<redacted>>",
      "email": "<redacted>",
      "userName": "<13:<redacted>>",
      "provider": "github",
      "avatarUri": "",
      "isOwner": true,
      "clientCapabilities": {}
    },
    "7": {
      "id": "398a6654-997b-47e9-b12b-9515b896b4de_122454366",
      "name": "<13:<redacted>>",
      "email": "<redacted>",
      "userName": "<13:<redacted>>",
      "provider": "github",
      "avatarUri": "",
      "isOwner": true,
      "clientCapabilities": {}
    }
  },
  "accessControl": {
    "defaultAccessControl": {},
    "userAccessControl": {}
  },
  "isPresentation": false,
  "allowPortForwardingExternalConnections": false,
  "rootFullPaths": [
    "/~0"
  ],
  "serviceNames": null,
  "id": "2D30982DB5EDEC52FF161E09805984F3CAC4",
  "name": "<9:<redacted>>",
  "joinUri": "https://prod.liveshare.vsengsaas.visualstudio.com/join?2D30982DB5EDEC52FF161E09805984F3CAC4",
  "ownerId": "398a6654-997b-47e9-b12b-9515b896b4de_122454366",
  "expiresAt": "2024-04-03T13:01:23.8767663Z"
}
[Client:extension:9b9a:liveshare:connection:C1EAB49D7CE3E6A0772A5FE1BE9097001EBA:liveshare I] ownerId: "398a6654-997b-47e9-b12b-9515b896b4de_122454366"
[Client:extension:9b9a:liveshare:connection:C1EAB49D7CE3E6A0772A5FE1BE9097001EBA:liveshare I] LS session joined and authenticated
[Client:extension:9b9a:liveshare:connection:C1EAB49D7CE3E6A0772A5FE1BE9097001EBA:liveshare:WorkspaceClient I] Creating proxy for workspace service
[Client:extension:9b9a:liveshare:connection:C1EAB49D7CE3E6A0772A5FE1BE9097001EBA:liveshare I] connection status changed: connecting -> connected, error:> object #0: undefined
[Client:extension:9b9a:liveshare:connection:C1EAB49D7CE3E6A0772A5FE1BE9097001EBA:liveshare I] firing change event: > object #0: {
  "status": "connected",
  "previousStatus": "connecting"
}
[Client:extension:9b9a:liveshare:onConnectionChanged:C1EAB49D7CE3E6A0772A5FE1BE9097001EBA I] connecting -> connected
[Client:extension:9b9a:liveshare:connection:C1EAB49D7CE3E6A0772A5FE1BE9097001EBA:liveshare I] 🔌 connected
[Client:extension:9b9a:liveshare:connection-record V] subscribing to onDispose event
[Client:extension:9b9a:liveshare-joint:connection:C1EAB49D7CE3E6A0772A5FE1BE9097001EBA:liveshare-joint:liveshare V] subscribing to onDispose event
[Client:extension:9b9a:liveshare:connection:C1EAB49D7CE3E6A0772A5FE1BE9097001EBA:liveshare V] subscribing to onDispose event
[Client:extension:9b9a:liveshare-joint:connection:C1EAB49D7CE3E6A0772A5FE1BE9097001EBA:liveshare-joint:liveshare I] connection status changed: connecting -> connected, error:> object #0: undefined
[Client:extension:9b9a:liveshare-joint:connection:C1EAB49D7CE3E6A0772A5FE1BE9097001EBA:liveshare-joint:liveshare I] firing change event: > object #0: {
  "status": "connected",
  "previousStatus": "connecting"
}
[Client:extension:9b9a:liveshare-joint:onConnectionChanged:C1EAB49D7CE3E6A0772A5FE1BE9097001EBA I] connecting -> connected
[Client:extension:9b9a:liveshare-joint:connection:C1EAB49D7CE3E6A0772A5FE1BE9097001EBA:liveshare-joint:liveshare I] 🔌 connected
[Client:extension:9b9a:liveshare-joint:connection-record V] subscribing to onDispose event
[Client:extension:9b9a:resolver:resolve:1:connection:C1EAB49D7CE3E6A0772A5FE1BE9097001EBA_e0004092-49ac-41b1-b519-17f1cc47a79c_stable_8b3775030ed1a69b13e4f4c628c612102e30a681:vscode V] subscribing to onDispose event
[Client:extension:9b9a:liveshare-joint:connection:C1EAB49D7CE3E6A0772A5FE1BE9097001EBA:liveshare-joint:liveshare V] subscribing to onDispose event
[Client:extension:9b9a:liveshare:connection:C1EAB49D7CE3E6A0772A5FE1BE9097001EBA:liveshare:WorkspaceClient I] Creating proxy for serverSharing service
[Client:extension:9b9a:liveshare:connection:C1EAB49D7CE3E6A0772A5FE1BE9097001EBA:liveshare:WorkspaceClient I] Creating proxy for IVSCodeServerHostService service
[Client:extension:9b9a:liveshare:connection:C1EAB49D7CE3E6A0772A5FE1BE9097001EBA:liveshare:WorkspaceClient I] Creating proxy for ICodespaceHostService service
[Client:extension:9b9a:resolver:resolve:1:connection:C1EAB49D7CE3E6A0772A5FE1BE9097001EBA_e0004092-49ac-41b1-b519-17f1cc47a79c_stable_8b3775030ed1a69b13e4f4c628c612102e30a681:vscode I] starting vscode server..> object #0: {
  "token": "<1146:<redacted>>",
  "environmentId": "e0004092-49ac-41b1-b519-17f1cc47a79c",
  "workspaceId": "C1EAB49D7CE3E6A0772A5FE1BE9097001EBA",
  "vsCodeCommit": "8b3775030ed1a69b13e4f4c628c612102e30a681",
  "vsCodeQuality": "stable",
  "extensions": [
    "GitHub.codespaces",
    "GitHub.vscode-pull-request-github"
  ],
  "telemetry": true,
  "liveShareEndpoint": "https://prod.liveshare.vsengsaas.visualstudio.com/api/v1.2/",
  "connectionInfo": {
    "id": "C1EAB49D7CE3E6A0772A5FE1BE9097001EBA",
    "relaySas": "<257:<redacted>>",
    "relayLink": "sb://vsls-prod-ins-asse-private-relay.servicebus.windows.net/2d30982db5edec52ff161e09805984f3cac4--f871bc28-d0ad-4efb-b78e-827bb4110255",
    "sessionToken": "<1146:<redacted>>",
    "hostPublicKeys": [
      "AAAAB3NzaC1yc2EAAAADAQABAAABAQC3B60109oLkAior+PGz5moEYMjF+y8h+C7QaaI7cXw4Y4waeHWejcfm4hKbbmQGibtLTCnyDPh3v7mJCeBt/Y1765tb1/Fku9n454c4Vafb/QQPql6mrHXLGjvbz1wBr1DxNeaYDNUtP6Jo6lQIltbhRGdVIG+1Q3fKJ+92riMwdc0+OAaOpajc8xDc9yTPtcxP5HMatrMgIRrlFtmqoyuiwi+RZUWx+TATtMWcQksRAEdI+66xW5YTIR7Ztv7k7F7ssQ5VL4a6MdAdeiOSFVEGIqlXga0uuA0o1sjUKB3ekzFo56okmHRcSUmhM/UpVlKwbYDn6IuiOfYyw4j7t6/"
    ],
    "tunnelProperties": {
      "tunnelId": "peaceful-cat-6h92zpx",
      "clusterId": "asse",
      "domain": "app.github.dev",
      "connectAccessToken": "<390:<redacted>>",
      "managePortsAccessToken": "<397:<redacted>>",
      "serviceUri": "https://global.rel.tunnels.api.visualstudio.com/"
    }
  },
  "clientId": "41960aaf1b415c91"
}
[Client:extension:9b9a:liveshare:connection:C1EAB49D7CE3E6A0772A5FE1BE9097001EBA:liveshare:WorkspaceClient V] > workspace.servicesChanged: 
[Client:extension:9b9a:liveshare:connection:C1EAB49D7CE3E6A0772A5FE1BE9097001EBA:liveshare:WorkspaceClient V] > workspace.progressUpdated: 
[Client:extension:9b9a:resolver:resolve:1:connection:C1EAB49D7CE3E6A0772A5FE1BE9097001EBA_e0004092-49ac-41b1-b519-17f1cc47a79c_stable_8b3775030ed1a69b13e4f4c628c612102e30a681:vscode I] Executed start-remote-server using gRPC
[Client:extension:9b9a:resolver:resolve:1:connection:C1EAB49D7CE3E6A0772A5FE1BE9097001EBA_e0004092-49ac-41b1-b519-17f1cc47a79c_stable_8b3775030ed1a69b13e4f4c628c612102e30a681:vscode I] vscode started, forwarding the server port
[Client:extension:9b9a:resolver:resolve:1:connection:C1EAB49D7CE3E6A0772A5FE1BE9097001EBA_e0004092-49ac-41b1-b519-17f1cc47a79c_stable_8b3775030ed1a69b13e4f4c628c612102e30a681:vscode I] the server port forwarded, port number is 38803
[Client:extension:9b9a:resolver:resolve:1:connection:C1EAB49D7CE3E6A0772A5FE1BE9097001EBA_e0004092-49ac-41b1-b519-17f1cc47a79c_stable_8b3775030ed1a69b13e4f4c628c612102e30a681:vscode I] vscode server startup complete
[perf V] name:start vscode server duration:3688.8953690000344
[Client:extension:9b9a:resolver:resolve:1:connection:C1EAB49D7CE3E6A0772A5FE1BE9097001EBA_e0004092-49ac-41b1-b519-17f1cc47a79c_stable_8b3775030ed1a69b13e4f4c628c612102e30a681:vscode I] forwarding the VSCode Server port "38803".
[Client:extension:9b9a:liveshare:connection:C1EAB49D7CE3E6A0772A5FE1BE9097001EBA:liveshare:WorkspaceClient V] < serverSharing.startSharing()
[Client:extension:9b9a:liveshare:connection:C1EAB49D7CE3E6A0772A5FE1BE9097001EBA:liveshare:WorkspaceClient V] > serverSharing.sharingSucceeded: 
[Client:extension:9b9a:liveshare:connection:C1EAB49D7CE3E6A0772A5FE1BE9097001EBA:liveshare:WorkspaceClient V] > serverSharing.startSharing() succeeded t:13.0
[perf V] name:share vscode server TCP port duration:18.667272999999113
[Client:extension:9b9a:resolver:resolve:1:connection:C1EAB49D7CE3E6A0772A5FE1BE9097001EBA_e0004092-49ac-41b1-b519-17f1cc47a79c_stable_8b3775030ed1a69b13e4f4c628c612102e30a681:vscode I] VSCode Server port "38803" forwarded.
[Client:extension:9b9a:liveshare:connection:C1EAB49D7CE3E6A0772A5FE1BE9097001EBA:liveshare:WorkspaceClient I] Creating proxy for streamManager service
[Client:extension:9b9a:resolver:resolve:1:connection:C1EAB49D7CE3E6A0772A5FE1BE9097001EBA_e0004092-49ac-41b1-b519-17f1cc47a79c_stable_8b3775030ed1a69b13e4f4c628c612102e30a681:vscode I] connection status changed: connecting -> connected, error:> object #0: undefined
[Client:extension:9b9a:resolver:resolve:1:connection:C1EAB49D7CE3E6A0772A5FE1BE9097001EBA_e0004092-49ac-41b1-b519-17f1cc47a79c_stable_8b3775030ed1a69b13e4f4c628c612102e30a681:vscode I] firing change event: > object #0: {
  "status": "connected",
  "previousStatus": "connecting"
}
[Client:extension:9b9a:vscode:onConnectionChanged:C1EAB49D7CE3E6A0772A5FE1BE9097001EBA_e0004092-49ac-41b1-b519-17f1cc47a79c_stable_8b3775030ed1a69b13e4f4c628c612102e30a681 I] connecting -> connected
[Client:extension:9b9a:resolver:resolve:1:connection:C1EAB49D7CE3E6A0772A5FE1BE9097001EBA_e0004092-49ac-41b1-b519-17f1cc47a79c_stable_8b3775030ed1a69b13e4f4c628c612102e30a681:vscode I] 🔌 connected
[Client:extension:9b9a:vscode:connection-record V] subscribing to onDispose event
[Client:extension:9b9a:liveshare:connection:C1EAB49D7CE3E6A0772A5FE1BE9097001EBA:liveshare:WorkspaceClient V] < streamManager.getStream()
[Client:extension:9b9a:liveshare:connection:C1EAB49D7CE3E6A0772A5FE1BE9097001EBA:liveshare:WorkspaceClient V] < streamManager.getStream()
[Client:extension:9b9a:resolver:resolve:1:connection:C1EAB49D7CE3E6A0772A5FE1BE9097001EBA_e0004092-49ac-41b1-b519-17f1cc47a79c_stable_8b3775030ed1a69b13e4f4c628c612102e30a681:vscode V] subscribing to onDispose event
[Client:extension:9b9a:resolver:port-forwarder:tunnel-manager V] tunneling the connection> object #0: [object Object]
[Client:extension:9b9a:resolver:port-forwarder:tunnel-manager V] Tunneling vscode server port> object #0: false
[Client:extension:9b9a:resolver:resolve:1:connection:C1EAB49D7CE3E6A0772A5FE1BE9097001EBA_e0004092-49ac-41b1-b519-17f1cc47a79c_stable_8b3775030ed1a69b13e4f4c628c612102e30a681:vscode V] subscribing to onDispose event
[Client:extension:9b9a:resolver:port-forwarder:tunnel-manager V] reviving tunnels
[Client:extension:9b9a:resolver:port-forwarder:tunnel-manager V] reviving tunnels
[Client:extension:9b9a:liveshare:connection:C1EAB49D7CE3E6A0772A5FE1BE9097001EBA:liveshare:WorkspaceClient V] < serverSharing.getSharedServers()
[Client:extension:9b9a:liveshare:connection:C1EAB49D7CE3E6A0772A5FE1BE9097001EBA:liveshare:WorkspaceClient V] > streamManager.getStream() succeeded t:67.0
[perf V] name:get stream Id duration:92.61898599995766
[Client:extension:9b9a:liveshare:connection:C1EAB49D7CE3E6A0772A5FE1BE9097001EBA:liveshare:WorkspaceClient I] openStreamingChannel -> streamId:ServerSharing_13
[Client:extension:9b9a:liveshare:connection:C1EAB49D7CE3E6A0772A5FE1BE9097001EBA:liveshare:WorkspaceClient V] Sending #15 ChannelOpenMessage(channelType=session, senderChannel=2)
[Client:extension:9b9a:liveshare:connection:C1EAB49D7CE3E6A0772A5FE1BE9097001EBA:liveshare:WorkspaceClient V] > serverSharing.getSharedServers() succeeded t:63.0
[Client:extension:9b9a:resolver:resolve:1:connection:C1EAB49D7CE3E6A0772A5FE1BE9097001EBA_e0004092-49ac-41b1-b519-17f1cc47a79c_stable_8b3775030ed1a69b13e4f4c628c612102e30a681:vscode V] got shared servers list> object #0: [
  "CodespacesInternal:16634:private:true:false",
  "CodespacesInternal_web:16635:private:true:false",
  "Port: 3000:3000:private:false:false",
  "Port: 8000:8000:private:false:false",
  "VSCodeServerInternal:38803:private:true:false"
]
[Client:extension:9b9a:resolver:port-forwarder:tunnel-manager I] skipping Codespaces internal tunnel> object #0: #16634
[Client:extension:9b9a:resolver:port-forwarder:tunnel-manager I] skipping Codespaces internal tunnel> object #0: #16635
[Client:extension:9b9a:resolver:port-forwarder:tunnel-manager I] skipping vscode server tunnel> object #0: #38803
[Client:extension:9b9a:resolver:port-forwarder:tunnel-manager V] tunnels revived
[Client:extension:9b9a:resolver:port-forwarder:tunnel-manager V] init server sharing event listeners
[Client:extension:9b9a:resolver:resolve:1 I] vscode server remote port: "38803", local port: "undefined"}
[Client V] connect duration: 16084 ms
[BrowserConnectorService V] Initializing BrowserConnectorService using connection> object #0: [object Object]
[Client:extension:9b9a:liveshare:connection:C1EAB49D7CE3E6A0772A5FE1BE9097001EBA:liveshare:WorkspaceClient I] Creating proxy for sourceEvent service
[BrowserConnectorService V] BrowserConnectorService.sendMessage: {"initialized":true,"message":"codespaces:browser-connector-service-initialized","payload":"<probably pii>"}
[Client:extension:9b9a:resolver:resolve:1 I] Progress: Done
[Client:extension:9b9a:resolver I] Subscribed to event stream
[Client:extension:9b9a:resolver:resolve:1:background-tasks I] launching background configuration tasks
[Client:extension:9b9a:resolver:resolve:1:background-tasks:post-attach-command-manager I] PostAttachCommandManager: addEnvironmentConfiguredEventCallback()
[Client:extension:9b9a:resolver:resolve:1:background-tasks:post-attach-command-manager V] subscribing to onDispose event
[Client:extension:9b9a:resolver:resolve:1:background-tasks I] no max idle timeout notice
[Client:extension:9b9a:resolver:resolve:1:background-tasks V] checking correctness of the codespace session path> object #0: [
  {
    "uri": {
      "$mid": 1,
      "fsPath": "/home/vscode",
      "external": "file:///home/vscode",
      "path": "/home/vscode",
      "scheme": "file"
    },
    "name": "<6:<redacted>>",
    "index": 0
  }
]
[Client:extension:9b9a:resolver:resolve:1:background-tasks I] starting activity monitor, isRunningInWeb: "true"
[Client:extension:9b9a:resolver:resolve:1:background-tasks:activity-monitor:vscode-activity-provider I] isRunningInWeb: true
[Client:extension:9b9a:resolver:resolve:1:background-tasks:activity-monitor:vscode-activity-provider I] starting activity monitor
[Client:extension:9b9a:resolver:resolve:1:background-tasks:activity-monitor:vscode-activity-provider V] sending activity heartbeat
[Client:extension:9b9a:liveshare:connection:C1EAB49D7CE3E6A0772A5FE1BE9097001EBA:liveshare:WorkspaceClient I] Creating proxy for IEnvironmentConfigurationService service
[Client:extension:9b9a:liveshare:connection:C1EAB49D7CE3E6A0772A5FE1BE9097001EBA:liveshare:WorkspaceClient V] < sourceEvent.fireEvent()
[Client:extension:9b9a:resolver:port-forwarder:tunnel-manager I] asking vscode to open the tunnel> object #0: #3000
> object #1: "127.0.0.1"
[Client:extension:9b9a:resolver:port-forwarder:tunnel-manager I] asking vscode to open the tunnel> object #0: #8000
> object #1: "127.0.0.1"
[Client:extension:9b9a:liveshare:connection:C1EAB49D7CE3E6A0772A5FE1BE9097001EBA:liveshare:WorkspaceClient V] Receiving #14 ChannelOpenConfirmationMessage (recipientChannel=2)(senderChannel=1)
[Client:extension:9b9a:liveshare:connection:C1EAB49D7CE3E6A0772A5FE1BE9097001EBA:liveshare:WorkspaceClient V] Sending #17 ChannelRequestMessage (recipientChannel=1)
[Client:extension:9b9a:liveshare:connection:C1EAB49D7CE3E6A0772A5FE1BE9097001EBA:liveshare:WorkspaceClient V] > streamManager.getStream() succeeded t:639.0
[perf V] name:get stream Id duration:659.2015970000066
[Client:extension:9b9a:liveshare:connection:C1EAB49D7CE3E6A0772A5FE1BE9097001EBA:liveshare:WorkspaceClient I] openStreamingChannel -> streamId:ServerSharing_14
[Client:extension:9b9a:liveshare:connection:C1EAB49D7CE3E6A0772A5FE1BE9097001EBA:liveshare:WorkspaceClient V] Sending #18 ChannelOpenMessage(channelType=session, senderChannel=3)
[Client:extension:9b9a:liveshare:connection:C1EAB49D7CE3E6A0772A5FE1BE9097001EBA:liveshare:WorkspaceClient V] > sourceEvent.event: 
[Client:extension:9b9a:liveshare:connection:C1EAB49D7CE3E6A0772A5FE1BE9097001EBA:liveshare:WorkspaceClient V] Receiving #19 ChannelOpenConfirmationMessage (recipientChannel=3)(senderChannel=2)
[Client:extension:9b9a:liveshare:connection:C1EAB49D7CE3E6A0772A5FE1BE9097001EBA:liveshare:WorkspaceClient V] Sending #19 ChannelRequestMessage (recipientChannel=2)
[Client:extension:9b9a:liveshare:connection:C1EAB49D7CE3E6A0772A5FE1BE9097001EBA:liveshare:WorkspaceClient V] > sourceEvent.fireEvent() succeeded t:314.0
[Client:extension:9b9a:resolver:port-forwarder:tunnel-manager I] vscode to open the tunnel completed> object #0: #3000
> object #1: "127.0.0.1"
[Client:extension:9b9a:resolver:port-forwarder:tunnel-manager I] vscode to open the tunnel completed> object #0: #8000
> object #1: "127.0.0.1"
[Client:extension:9b9a:liveshare:connection:C1EAB49D7CE3E6A0772A5FE1BE9097001EBA:liveshare:WorkspaceClient V] > sourceEvent.event: 
[Client:extension:9b9a:resolver I] Received event: Subscribed
[Client:extension:9b9a:resolver I] Client 49415a28-9417-4223-8cec-cd0c83cedfad subscribed to event stream
[Client:extension:9b9a:resolver I] Received event: CreationLogUpdated
[Client:extension:9b9a:resolver I] Event payload: {"text":"Finding image...","type":"inProgress","isStreamingLogs":false}
[Client:extension:9b9a:resolver I] Received event: CreationLogUpdated
[Client:extension:9b9a:resolver I] Event payload: {"text":"Image found.","type":"succeeded","isStreamingLogs":false}
[Client:extension:9b9a:resolver I] Received event: CreationLogUpdated
[Client:extension:9b9a:resolver I] Event payload: {"text":"Building container...","type":"inProgress","isStreamingLogs":true}
[Client:extension:9b9a:resolver I] Received event: CreationLogUpdated
[Client:extension:9b9a:resolver I] Event payload: {"text":"Container built.","type":"succeeded","isStreamingLogs":false}
[Client:extension:9b9a:resolver I] Received event: EnvironmentConfigured
[Client:extension:9b9a:resolver:resolve:1:background-tasks:post-attach-command-manager I] PostAttachCommandManager: handleEnvironmentConfiguredEvent()
[Client:extension:9b9a:resolver:resolve:1:background-tasks I] GetRemotePid: Echoing $PPID to /tmp/codespace_pids/.pid-d2d4c7ea-f9ee-4de9-9a74-d377937036cb...
[Client:extension:9b9a:resolver:resolve:1:background-tasks I] GetRemotePid: Start polling for existance of PID file at file:///tmp/codespace_pids/.pid-d2d4c7ea-f9ee-4de9-9a74-d377937036cb took 14 ms...
[Client:extension:9b9a:resolver:resolve:1:background-tasks I] Executed is-recovery-container using gRPC
[Client:extension:9b9a:resolver:resolve:1:background-tasks V] not in recovery container
[Client:extension:9b9a:resolver:resolve:1:background-tasks I] Executed configure-environment using gRPC
[Client:extension:9b9a:resolver:resolve:1:background-tasks:activity-monitor:vscode-activity-provider I] Executed notify-codespace-of-client-activity using gRPC
[Client:extension:9b9a:resolver:resolve:1:background-tasks:activity-monitor:vscode-activity-provider I] Activity signal sent with result true
[Client:extension:9b9a:resolver:resolve:1:background-tasks I] Executed get-container-persisted-folder using gRPC
[Client:extension:9b9a:resolver:resolve:1:background-tasks V] container folder path: "/workspaces/.codespaces/.persistedshare"
[Client:extension:9b9a:resolver:resolve:1:background-tasks V] shared folder path: "/workspaces/.codespaces/shared/postCreateOutput.json"
[Client:extension:9b9a:resolver:resolve:1:background-tasks V] shared file path: "/workspaces/.codespaces/shared/postCreateOutput.json"
[Performance I] Executed get-container-persisted-folder using gRPC
[ResourceUsage I] Executed get-container-persisted-folder using gRPC
[ResourceUsage V] container folder path: "/workspaces/.codespaces/.persistedshare"
[ResourceUsage V] shared folder path: "/workspaces/.codespaces/shared/resource-usage.json"
[ResourceUsage V] shared file path: "/workspaces/.codespaces/shared/resource-usage.json"
[ResourceUsage I] Starting monitor
[ResourceUsage I] Checking if the codespace connection exists
[Client:extension:9b9a:liveshare:connection:C1EAB49D7CE3E6A0772A5FE1BE9097001EBA:liveshare:WorkspaceClient V] > sourceEvent.event: 
[Client:extension:9b9a:resolver:resolve:1:background-tasks:openDefaultFiles I] Skipping openFiles in the web because it is handled by the embedder
[Performance I] Starting monitor
[Performance I] Checking if the codespace connection exists
[RemoteExplorer I] Updating codespace performance info
[RemoteExplorer I] Updating codespace details
[Client:extension:9b9a:resolver:resolve:1:background-tasks:post-attach-command-manager I] PostAttachCommandManager: commandsKey: codespaces.1073.runningPostAttachCommands
[Client:extension:9b9a:resolver:resolve:1:background-tasks:post-attach-command-manager I] PostAttachCommandManager: Running /bin/bash ~/environment/.devcontainer/postAttachCommand.sh in terminal Codespaces: /bin/bash ~/environment/.devcontainer/postAttachCommand.sh
[Client:extension:9b9a:resolver:resolve:1:background-tasks:post-attach-command-manager I] PostAttachCommandManager: Added Codespaces: /bin/bash ~/environment/.devcontainer/postAttachCommand.sh to codespaces.1073.runningPostAttachCommands
[Client:extension:9b9a:liveshare:connection:C1EAB49D7CE3E6A0772A5FE1BE9097001EBA:liveshare:WorkspaceClient:1 V] checkConnectionWithTimeout -> 'started'
[Client:extension:9b9a:liveshare:connection:C1EAB49D7CE3E6A0772A5FE1BE9097001EBA:liveshare:WorkspaceClient V] checking ssh connection
[Client:extension:9b9a:liveshare:connection:C1EAB49D7CE3E6A0772A5FE1BE9097001EBA:liveshare:WorkspaceClient V] Sending #20 SessionRequestMessage (requestType=ping-check-connection)
[Client:extension:9b9a:liveshare:connection:C1EAB49D7CE3E6A0772A5FE1BE9097001EBA:liveshare:WorkspaceClient V] Receiving #20 SessionRequestFailureMessage
[Client:extension:9b9a:liveshare:connection:C1EAB49D7CE3E6A0772A5FE1BE9097001EBA:liveshare:WorkspaceClient:1 V] checkConnectionWithTimeout -> 'succeeded' t:8.0
[Client:extension:9b9a:liveshare:connection:C1EAB49D7CE3E6A0772A5FE1BE9097001EBA:liveshare:WorkspaceClient V] > serverSharing.sharingSucceeded: 
[Client:extension:9b9a:liveshare:connection:C1EAB49D7CE3E6A0772A5FE1BE9097001EBA:liveshare:WorkspaceClient V] > sourceEvent.event: 
[Client:extension:9b9a:liveshare:connection:C1EAB49D7CE3E6A0772A5FE1BE9097001EBA:liveshare:WorkspaceClient:1 V] checkConnectionWithTimeout -> 'started'
[Client:extension:9b9a:liveshare:connection:C1EAB49D7CE3E6A0772A5FE1BE9097001EBA:liveshare:WorkspaceClient V] checking ssh connection
[Client:extension:9b9a:liveshare:connection:C1EAB49D7CE3E6A0772A5FE1BE9097001EBA:liveshare:WorkspaceClient V] Sending #21 SessionRequestMessage (requestType=ping-check-connection)
[Client:extension:9b9a:liveshare:connection:C1EAB49D7CE3E6A0772A5FE1BE9097001EBA:liveshare:WorkspaceClient V] Receiving #25 SessionRequestFailureMessage
[Client:extension:9b9a:liveshare:connection:C1EAB49D7CE3E6A0772A5FE1BE9097001EBA:liveshare:WorkspaceClient:1 V] checkConnectionWithTimeout -> 'succeeded' t:5.0
[Client:extension:9b9a:liveshare:connection:C1EAB49D7CE3E6A0772A5FE1BE9097001EBA:liveshare:WorkspaceClient:1 V] checkConnectionWithTimeout -> 'started'
[Client:extension:9b9a:liveshare:connection:C1EAB49D7CE3E6A0772A5FE1BE9097001EBA:liveshare:WorkspaceClient V] checking ssh connection
[Client:extension:9b9a:liveshare:connection:C1EAB49D7CE3E6A0772A5FE1BE9097001EBA:liveshare:WorkspaceClient V] Sending #22 SessionRequestMessage (requestType=ping-check-connection)
[Client:extension:9b9a:liveshare:connection:C1EAB49D7CE3E6A0772A5FE1BE9097001EBA:liveshare:WorkspaceClient V] Receiving #26 SessionRequestFailureMessage
[Client:extension:9b9a:liveshare:connection:C1EAB49D7CE3E6A0772A5FE1BE9097001EBA:liveshare:WorkspaceClient:1 V] checkConnectionWithTimeout -> 'succeeded' t:6.0
[Client:extension:9b9a:liveshare:connection:C1EAB49D7CE3E6A0772A5FE1BE9097001EBA:liveshare:WorkspaceClient:1 V] checkConnectionWithTimeout -> 'started'
[Client:extension:9b9a:liveshare:connection:C1EAB49D7CE3E6A0772A5FE1BE9097001EBA:liveshare:WorkspaceClient V] checking ssh connection
[Client:extension:9b9a:liveshare:connection:C1EAB49D7CE3E6A0772A5FE1BE9097001EBA:liveshare:WorkspaceClient V] Sending #23 SessionRequestMessage (requestType=ping-check-connection)
[Client:extension:9b9a:liveshare:connection:C1EAB49D7CE3E6A0772A5FE1BE9097001EBA:liveshare:WorkspaceClient V] Receiving #27 SessionRequestFailureMessage
[Client:extension:9b9a:liveshare:connection:C1EAB49D7CE3E6A0772A5FE1BE9097001EBA:liveshare:WorkspaceClient:1 V] checkConnectionWithTimeout -> 'succeeded' t:13.0
[Performance I] Executed get-performance-data using gRPC
[Client:extension:9b9a:liveshare:connection:C1EAB49D7CE3E6A0772A5FE1BE9097001EBA:liveshare:WorkspaceClient:1 V] checkConnectionWithTimeout -> 'started'
[Client:extension:9b9a:liveshare:connection:C1EAB49D7CE3E6A0772A5FE1BE9097001EBA:liveshare:WorkspaceClient V] checking ssh connection
[Client:extension:9b9a:liveshare:connection:C1EAB49D7CE3E6A0772A5FE1BE9097001EBA:liveshare:WorkspaceClient V] Sending #24 SessionRequestMessage (requestType=ping-check-connection)
[Client:extension:9b9a:liveshare:connection:C1EAB49D7CE3E6A0772A5FE1BE9097001EBA:liveshare:WorkspaceClient V] Receiving #29 SessionRequestFailureMessage
[Client:extension:9b9a:liveshare:connection:C1EAB49D7CE3E6A0772A5FE1BE9097001EBA:liveshare:WorkspaceClient:1 V] checkConnectionWithTimeout -> 'succeeded' t:5.0
[Client:extension:9b9a:liveshare:connection:C1EAB49D7CE3E6A0772A5FE1BE9097001EBA:liveshare:WorkspaceClient:1 V] checkConnectionWithTimeout -> 'started'
[Client:extension:9b9a:liveshare:connection:C1EAB49D7CE3E6A0772A5FE1BE9097001EBA:liveshare:WorkspaceClient V] checking ssh connection
[Client:extension:9b9a:liveshare:connection:C1EAB49D7CE3E6A0772A5FE1BE9097001EBA:liveshare:WorkspaceClient V] Sending #25 SessionRequestMessage (requestType=ping-check-connection)
[Client:extension:9b9a:liveshare:connection:C1EAB49D7CE3E6A0772A5FE1BE9097001EBA:liveshare:WorkspaceClient V] Receiving #30 SessionRequestFailureMessage
[Client:extension:9b9a:liveshare:connection:C1EAB49D7CE3E6A0772A5FE1BE9097001EBA:liveshare:WorkspaceClient:1 V] checkConnectionWithTimeout -> 'succeeded' t:5.0
[Client:extension:9b9a:liveshare:connection:C1EAB49D7CE3E6A0772A5FE1BE9097001EBA:liveshare:WorkspaceClient:1 V] checkConnectionWithTimeout -> 'started'
[Client:extension:9b9a:liveshare:connection:C1EAB49D7CE3E6A0772A5FE1BE9097001EBA:liveshare:WorkspaceClient V] checking ssh connection
[Client:extension:9b9a:liveshare:connection:C1EAB49D7CE3E6A0772A5FE1BE9097001EBA:liveshare:WorkspaceClient V] Sending #26 SessionRequestMessage (requestType=ping-check-connection)
[Client:extension:9b9a:liveshare:connection:C1EAB49D7CE3E6A0772A5FE1BE9097001EBA:liveshare:WorkspaceClient V] Receiving #31 SessionRequestFailureMessage
[Client:extension:9b9a:liveshare:connection:C1EAB49D7CE3E6A0772A5FE1BE9097001EBA:liveshare:WorkspaceClient:1 V] checkConnectionWithTimeout -> 'succeeded' t:8.0
[Client:extension:9b9a:liveshare:connection:C1EAB49D7CE3E6A0772A5FE1BE9097001EBA:liveshare:WorkspaceClient:1 V] checkConnectionWithTimeout -> 'started'
[Client:extension:9b9a:liveshare:connection:C1EAB49D7CE3E6A0772A5FE1BE9097001EBA:liveshare:WorkspaceClient V] checking ssh connection
[Client:extension:9b9a:liveshare:connection:C1EAB49D7CE3E6A0772A5FE1BE9097001EBA:liveshare:WorkspaceClient V] Sending #27 SessionRequestMessage (requestType=ping-check-connection)
[Client:extension:9b9a:liveshare:connection:C1EAB49D7CE3E6A0772A5FE1BE9097001EBA:liveshare:WorkspaceClient V] Receiving #33 SessionRequestFailureMessage
[Client:extension:9b9a:liveshare:connection:C1EAB49D7CE3E6A0772A5FE1BE9097001EBA:liveshare:WorkspaceClient:1 V] checkConnectionWithTimeout -> 'succeeded' t:7.0
[Client:extension:9b9a:liveshare:connection:C1EAB49D7CE3E6A0772A5FE1BE9097001EBA:liveshare:WorkspaceClient:1 V] checkConnectionWithTimeout -> 'started'
[Client:extension:9b9a:liveshare:connection:C1EAB49D7CE3E6A0772A5FE1BE9097001EBA:liveshare:WorkspaceClient V] checking ssh connection
[Client:extension:9b9a:liveshare:connection:C1EAB49D7CE3E6A0772A5FE1BE9097001EBA:liveshare:WorkspaceClient V] Sending #28 SessionRequestMessage (requestType=ping-check-connection)
[Client:extension:9b9a:liveshare:connection:C1EAB49D7CE3E6A0772A5FE1BE9097001EBA:liveshare:WorkspaceClient V] Receiving #34 SessionRequestFailureMessage
[Client:extension:9b9a:liveshare:connection:C1EAB49D7CE3E6A0772A5FE1BE9097001EBA:liveshare:WorkspaceClient:1 V] checkConnectionWithTimeout -> 'succeeded' t:18.0
[Performance I] Executed get-performance-data using gRPC
[Client:extension:9b9a:liveshare:connection:C1EAB49D7CE3E6A0772A5FE1BE9097001EBA:liveshare:WorkspaceClient:1 V] checkConnectionWithTimeout -> 'started'
[Client:extension:9b9a:liveshare:connection:C1EAB49D7CE3E6A0772A5FE1BE9097001EBA:liveshare:WorkspaceClient V] checking ssh connection
[Client:extension:9b9a:liveshare:connection:C1EAB49D7CE3E6A0772A5FE1BE9097001EBA:liveshare:WorkspaceClient V] Sending #29 SessionRequestMessage (requestType=ping-check-connection)
[Client:extension:9b9a:liveshare:connection:C1EAB49D7CE3E6A0772A5FE1BE9097001EBA:liveshare:WorkspaceClient V] Receiving #35 SessionRequestFailureMessage
[Client:extension:9b9a:liveshare:connection:C1EAB49D7CE3E6A0772A5FE1BE9097001EBA:liveshare:WorkspaceClient:1 V] checkConnectionWithTimeout -> 'succeeded' t:6.0
[Client:extension:9b9a:liveshare:connection:C1EAB49D7CE3E6A0772A5FE1BE9097001EBA:liveshare:WorkspaceClient:1 V] checkConnectionWithTimeout -> 'started'
[Client:extension:9b9a:liveshare:connection:C1EAB49D7CE3E6A0772A5FE1BE9097001EBA:liveshare:WorkspaceClient V] checking ssh connection
[Client:extension:9b9a:liveshare:connection:C1EAB49D7CE3E6A0772A5FE1BE9097001EBA:liveshare:WorkspaceClient V] Sending #30 SessionRequestMessage (requestType=ping-check-connection)
[Client:extension:9b9a:liveshare:connection:C1EAB49D7CE3E6A0772A5FE1BE9097001EBA:liveshare:WorkspaceClient V] Receiving #37 SessionRequestFailureMessage
[Client:extension:9b9a:liveshare:connection:C1EAB49D7CE3E6A0772A5FE1BE9097001EBA:liveshare:WorkspaceClient:1 V] checkConnectionWithTimeout -> 'succeeded' t:5.0
[Client:extension:9b9a:liveshare:connection:C1EAB49D7CE3E6A0772A5FE1BE9097001EBA:liveshare:WorkspaceClient V] Receiving #39 ChannelCloseMessage (recipientChannel=2)
[Client:extension:9b9a:liveshare:connection:C1EAB49D7CE3E6A0772A5FE1BE9097001EBA:liveshare:WorkspaceClient I] SshChannel(Type: session, Id: 2, RemoteId: 1) closed remotely. (S: 0, R: 51)
[Client:extension:9b9a:liveshare:connection:C1EAB49D7CE3E6A0772A5FE1BE9097001EBA:liveshare:WorkspaceClient V] Receiving #41 ChannelCloseMessage (recipientChannel=3)
[Client:extension:9b9a:liveshare:connection:C1EAB49D7CE3E6A0772A5FE1BE9097001EBA:liveshare:WorkspaceClient I] SshChannel(Type: session, Id: 3, RemoteId: 2) closed remotely. (S: 0, R: 51)
[Client:extension:9b9a:liveshare:connection:C1EAB49D7CE3E6A0772A5FE1BE9097001EBA:liveshare:WorkspaceClient:1 V] checkConnectionWithTimeout -> 'started'
[Client:extension:9b9a:liveshare:connection:C1EAB49D7CE3E6A0772A5FE1BE9097001EBA:liveshare:WorkspaceClient V] checking ssh connection
[Client:extension:9b9a:liveshare:connection:C1EAB49D7CE3E6A0772A5FE1BE9097001EBA:liveshare:WorkspaceClient V] Sending #31 SessionRequestMessage (requestType=ping-check-connection)
[Client:extension:9b9a:liveshare:connection:C1EAB49D7CE3E6A0772A5FE1BE9097001EBA:liveshare:WorkspaceClient V] Receiving #42 SessionRequestFailureMessage
[Client:extension:9b9a:liveshare:connection:C1EAB49D7CE3E6A0772A5FE1BE9097001EBA:liveshare:WorkspaceClient:1 V] checkConnectionWithTimeout -> 'succeeded' t:4.0
[Client:extension:9b9a:liveshare:connection:C1EAB49D7CE3E6A0772A5FE1BE9097001EBA:liveshare:WorkspaceClient:1 V] checkConnectionWithTimeout -> 'started'
[Client:extension:9b9a:liveshare:connection:C1EAB49D7CE3E6A0772A5FE1BE9097001EBA:liveshare:WorkspaceClient V] checking ssh connection
[Client:extension:9b9a:liveshare:connection:C1EAB49D7CE3E6A0772A5FE1BE9097001EBA:liveshare:WorkspaceClient V] Sending #32 SessionRequestMessage (requestType=ping-check-connection)
[Client:extension:9b9a:liveshare:connection:C1EAB49D7CE3E6A0772A5FE1BE9097001EBA:liveshare:WorkspaceClient V] Receiving #43 SessionRequestFailureMessage
[Client:extension:9b9a:liveshare:connection:C1EAB49D7CE3E6A0772A5FE1BE9097001EBA:liveshare:WorkspaceClient:1 V] checkConnectionWithTimeout -> 'succeeded' t:5.0
[Performance I] Executed get-performance-data using gRPC
[Client:extension:9b9a:liveshare:connection:C1EAB49D7CE3E6A0772A5FE1BE9097001EBA:liveshare:WorkspaceClient:1 V] checkConnectionWithTimeout -> 'started'
[Client:extension:9b9a:liveshare:connection:C1EAB49D7CE3E6A0772A5FE1BE9097001EBA:liveshare:WorkspaceClient V] checking ssh connection
[Client:extension:9b9a:liveshare:connection:C1EAB49D7CE3E6A0772A5FE1BE9097001EBA:liveshare:WorkspaceClient V] Sending #33 SessionRequestMessage (requestType=ping-check-connection)
[Client:extension:9b9a:liveshare:connection:C1EAB49D7CE3E6A0772A5FE1BE9097001EBA:liveshare:WorkspaceClient V] Receiving #45 SessionRequestFailureMessage
[Client:extension:9b9a:liveshare:connection:C1EAB49D7CE3E6A0772A5FE1BE9097001EBA:liveshare:WorkspaceClient:1 V] checkConnectionWithTimeout -> 'succeeded' t:12.0
