2024-03-04 13:08:34.072 [warning] /home/vscode/.ssh/config: ENOENT: no such file or directory, open '/home/vscode/.ssh/config'
2024-03-04 13:08:34.072 [info] Activation> Extension version: 0.78.1
2024-03-04 13:08:41.237 [info] Looking for git repository
2024-03-04 13:08:41.239 [info] Found 0 repositories during activation
2024-03-04 13:08:41.240 [info] Git repository found, initializing review manager and pr tree view.
2024-03-04 13:08:41.264 [info] Registering git provider
2024-03-04 13:08:41.334 [info] Repo state for file:///home/vscode/.nodenv changed.
2024-03-04 13:08:41.338 [info] Repo file:///home/vscode/.nodenv has already been setup.
2024-03-04 13:08:54.101 [info] Repository file:///home/vscode/environment has been opened
2024-03-04 13:08:54.634 [info] Review+0> Validate state in progress
2024-03-04 13:08:54.635 [info] Review+0> Validating state...
2024-03-04 13:08:54.635 [info] Cannot updates repositories as git is uninitialized
2024-03-04 13:08:54.635 [info] Repo state for file:///home/vscode/.oh-my-zsh changed.
2024-03-04 13:08:54.636 [info] Repo file:///home/vscode/.oh-my-zsh has already been setup.
2024-03-04 13:08:54.891 [info] Git initialization state changed: state=initialized
2024-03-04 13:08:54.891 [info] Review+0> Queuing additional validate state
2024-03-04 13:08:54.891 [info] Review+1> Validate state in progress
2024-03-04 13:08:54.892 [info] Review+1> Validating state...
2024-03-04 13:08:54.892 [info] Review+2> Validate state in progress
2024-03-04 13:08:54.892 [info] Review+2> Validating state...
2024-03-04 13:08:54.893 [warning] No remotes found. The following remotes are missing: origin, upstream
2024-03-04 13:08:54.894 [info] No GitHub remotes found for folder /home/vscode/environment
2024-03-04 13:08:56.512 [info] Review+0> No matching pull request metadata found locally for current branch master
2024-03-04 13:08:56.513 [info] Review+0> No matching pull request metadata found on GitHub for current branch master
2024-03-04 13:08:57.223 [info] Found GitHub remote for folder /home/vscode/.nodenv
2024-03-04 13:09:00.752 [info] Review+2> Validate state in progress
2024-03-04 13:09:00.752 [info] Review+2> Validating state...
2024-03-04 13:09:00.752 [info] Repo state for file:///home/vscode/environment changed.
2024-03-04 13:09:00.752 [info] Repo file:///home/vscode/environment has already been setup.
2024-03-04 13:09:00.755 [warning] No remotes found. The following remotes are missing: origin, upstream
2024-03-04 13:09:00.756 [info] No GitHub remotes found for folder /home/vscode/environment
2024-03-04 13:09:01.870 [info] Review+0> Validating state...
2024-03-04 13:09:02.120 [info] Review+2> No matching pull request metadata found locally for current branch main
2024-03-04 13:09:03.428 [info] Found GitHub remote for folder /home/vscode/.oh-my-zsh
2024-03-04 13:09:03.711 [info] Review+2> Failed to get upstream for branch main from git config.
2024-03-04 13:09:03.717 [info] Review+2> No matching pull request metadata found on GitHub for current branch main
2024-03-04 13:09:04.191 [info] Trying to use globalState for assignableUsers.
2024-03-04 13:09:06.333 [info] Review+1> No matching pull request metadata found locally for current branch master
2024-03-04 13:09:07.791 [info] GlobalState does not exist for assignableUsers.
2024-03-04 13:09:08.075 [info] Trying to use globalState for assignableUsers.
2024-03-04 13:09:09.886 [info] Review+0> No matching pull request metadata found locally for current branch master
2024-03-04 13:09:10.765 [info] GlobalState does not exist for assignableUsers.
2024-03-04 13:09:11.203 [info] Review+1> No matching pull request metadata found on GitHub for current branch master
2024-03-04 13:09:12.741 [info] Review+0> No matching pull request metadata found on GitHub for current branch master
