2024-03-04 13:08:17.704 [info] Reading sessions from keychain...
2024-03-04 13:08:17.704 [info] Getting sessions for all scopes...
2024-03-04 13:08:17.704 [info] Getting sessions for user:email...
2024-03-04 13:08:17.704 [info] Getting sessions for all scopes...
2024-03-04 13:08:17.704 [info] Got stored sessions!
2024-03-04 13:08:17.704 [info] Got 6 verified sessions.
2024-03-04 13:08:17.704 [info] Got 6 sessions for ...
2024-03-04 13:08:17.704 [info] Got 1 sessions for user:email...
2024-03-04 13:08:17.704 [info] Got 6 sessions for ...
2024-03-04 13:08:17.704 [info] Getting sessions for all scopes...
2024-03-04 13:08:17.704 [info] Got 6 sessions for ...
2024-03-04 13:08:17.704 [info] Getting sessions for codespace,read:user,repo,user:email...
2024-03-04 13:08:17.704 [info] Getting sessions for all scopes...
2024-03-04 13:08:17.704 [info] Got 1 sessions for codespace,read:user,repo,user:email...
2024-03-04 13:08:17.704 [info] Got 6 sessions for ...
2024-03-04 13:08:17.755 [info] Getting sessions for all scopes...
2024-03-04 13:08:17.785 [info] Got 6 sessions for ...
2024-03-04 13:08:29.483 [info] Getting sessions for all scopes...
2024-03-04 13:08:29.487 [info] Got 6 sessions for ...
2024-03-04 13:08:29.868 [info] Getting sessions for all scopes...
2024-03-04 13:08:29.869 [info] Got 6 sessions for ...
2024-03-04 13:08:31.033 [info] Getting sessions for all scopes...
2024-03-04 13:08:31.034 [info] Got 6 sessions for ...
2024-03-04 13:08:31.361 [info] Getting sessions for project,read:org,read:user,repo,user:email,workflow...
2024-03-04 13:08:31.361 [info] Got 0 sessions for project,read:org,read:user,repo,user:email,workflow...
2024-03-04 13:08:34.083 [info] Getting sessions for read:user,repo,user:email,workflow...
2024-03-04 13:08:34.083 [info] Got 1 sessions for read:user,repo,user:email,workflow...
2024-03-04 13:08:36.623 [info] Getting sessions for read:user,repo,user:email,workflow...
2024-03-04 13:08:36.623 [info] Got 1 sessions for read:user,repo,user:email,workflow...
2024-03-04 13:08:38.061 [info] Getting sessions for user:email...
2024-03-04 13:08:38.061 [info] Got 1 sessions for user:email...
2024-03-04 13:08:53.932 [info] Getting sessions for read:user,repo,user:email,workflow...
2024-03-04 13:08:53.932 [info] Got 1 sessions for read:user,repo,user:email,workflow...
2024-03-04 13:09:11.786 [info] Getting sessions for read:user,repo,user:email,workflow...
2024-03-04 13:09:11.786 [info] Got 1 sessions for read:user,repo,user:email,workflow...
