2024-03-04 13:08:54.683 [info] Reading sessions from keychain...
2024-03-04 13:08:54.684 [info] Getting sessions for all scopes...
2024-03-04 13:08:54.684 [info] Getting sessions for user:email...
2024-03-04 13:08:54.685 [info] Getting sessions for all scopes...
2024-03-04 13:08:54.685 [info] Got stored sessions!
2024-03-04 13:08:54.685 [info] Got 6 verified sessions.
2024-03-04 13:08:54.686 [info] Got 6 sessions for ...
2024-03-04 13:08:54.686 [info] Got 1 sessions for user:email...
2024-03-04 13:08:54.688 [info] Got 6 sessions for ...
2024-03-04 13:08:54.754 [info] Getting sessions for codespace,read:user,repo,user:email...
2024-03-04 13:08:54.754 [info] Got 1 sessions for codespace,read:user,repo,user:email...
2024-03-04 13:08:54.800 [info] Getting sessions for all scopes...
2024-03-04 13:08:54.801 [info] Got 6 sessions for ...
2024-03-04 13:09:00.691 [info] Getting sessions for all scopes...
2024-03-04 13:09:00.692 [info] Got 6 sessions for ...
2024-03-04 13:09:05.739 [info] Getting sessions for all scopes...
2024-03-04 13:09:05.740 [info] Got 6 sessions for ...
2024-03-04 13:09:09.659 [info] Getting sessions for all scopes...
2024-03-04 13:09:09.662 [info] Got 6 sessions for ...
2024-03-04 13:09:10.819 [info] Getting sessions for read:user,repo,user:email,workflow...
2024-03-04 13:09:10.819 [info] Getting sessions for all scopes...
2024-03-04 13:09:10.822 [info] Got 1 sessions for read:user,repo,user:email,workflow...
2024-03-04 13:09:10.825 [info] Got 6 sessions for ...
2024-03-04 13:09:11.663 [info] Getting sessions for project,read:org,read:user,repo,user:email,workflow...
2024-03-04 13:09:11.663 [info] Getting sessions for all scopes...
2024-03-04 13:09:11.663 [info] Got 0 sessions for project,read:org,read:user,repo,user:email,workflow...
2024-03-04 13:09:11.664 [info] Got 6 sessions for ...
2024-03-04 13:09:12.205 [info] Getting sessions for user:email...
2024-03-04 13:09:12.205 [info] Got 1 sessions for user:email...
2024-03-04 13:09:14.703 [info] Getting sessions for read:user,repo,user:email,workflow...
2024-03-04 13:09:14.703 [info] Got 1 sessions for read:user,repo,user:email,workflow...
2024-03-04 13:09:25.169 [info] Getting sessions for read:user,repo,user:email,workflow...
2024-03-04 13:09:25.170 [info] Got 1 sessions for read:user,repo,user:email,workflow...
